处理的filePath:
处理配置文件-/Users/kino/YY-Work/Tools/AutoDirectProj/OCLint/build/oclint-release/bin/../etc/oclint
Reading config file: 
/Users/kino/YY-Work/Tools/AutoDirectProj/OCLint/build/oclint-release/bin/../etc/oclint
No such file or directory
-
处理配置文件-/Users/kino/.oclint
Reading config file: 
/Users/kino/.oclint
-
处理配置文件-/Users/kino/Desktop/OCLintTestProj/xxxxxxx/.oclint
Reading config file: 
/Users/kino/Desktop/OCLintTestProj/xxxxxxx/.oclint
oclint_report.json
读取规则：0
Enabled rules:
-UnusedMethodParameter
-DirectCheck
-AutoDirect
-UnusedLocalVariable
====开始运行====
-----------------------
File: 
/Users/kino/Desktop/OCLintTestProj/xxxxxxx/xxxxxxx/YYOfficialActivityNormalPkBarView.m
File: 
/Users/kino/Desktop/OCLintTestProj/xxxxxxx/xxxxxxx/YYOfficialActivityNormalPkBarView.m
Directory: 
/
/
Command: 
/Applications/Xcode_14.1.app/Contents/Developer/Toolchains/XcodeDefault.xctoolchain/usr/bin/clang
 
-x
 
objective-c
 
-target
 
arm64-apple-ios15.2
 
-fmessage-length=0
 
-fdiagnostics-show-note-include-stack
 
-fmacro-backtrace-limit=0
 
-std=gnu11
 
-fobjc-arc
 
-fobjc-weak
 
-fmodules
 
-gmodules
 
-fmodules-cache-path=/Users/kino/Library/Developer/Xcode/DerivedData/ModuleCache.noindex
 
-fmodules-prune-interval=86400
 
-fmodules-prune-after=345600
 
-fbuild-session-file=/Users/kino/Library/Developer/Xcode/DerivedData/ModuleCache.noindex/Session.modulevalidation
 
-fmodules-validate-once-per-build-session
 
-Wnon-modular-include-in-framework-module
 
-Werror=non-modular-include-in-framework-module
 
-Wno-trigraphs
 
-fpascal-strings
 
-O0
 
-fno-common
 
-Wno-missing-field-initializers
 
-Wno-missing-prototypes
 
-Werror=return-type
 
-Wdocumentation
 
-Wunreachable-code
 
-Wquoted-include-in-framework-header
 
-Wno-implicit-atomic-properties
 
-Werror=deprecated-objc-isa-usage
 
-Wno-objc-interface-ivars
 
-Werror=objc-root-class
 
-Wno-arc-repeated-use-of-weak
 
-Wimplicit-retain-self
 
-Wduplicate-method-match
 
-Wno-missing-braces
 
-Wparentheses
 
-Wswitch
 
-Wunused-function
 
-Wno-unused-label
 
-Wno-unused-parameter
 
-Wunused-variable
 
-Wunused-value
 
-Wempty-body
 
-Wuninitialized
 
-Wconditional-uninitialized
 
-Wno-unknown-pragmas
 
-Wno-shadow
 
-Wno-four-char-constants
 
-Wno-conversion
 
-Wconstant-conversion
 
-Wint-conversion
 
-Wbool-conversion
 
-Wenum-conversion
 
-Wno-float-conversion
 
-Wnon-literal-null-conversion
 
-Wobjc-literal-conversion
 
-Wshorten-64-to-32
 
-Wpointer-sign
 
-Wno-newline-eof
 
-Wno-selector
 
-Wno-strict-selector-match
 
-Wundeclared-selector
 
-Wdeprecated-implementations
 
-Wno-implicit-fallthrough
 
-DDEBUG=1
 
-DOBJC_OLD_DISPATCH_PROTOTYPES=0
 
-isysroot
 
/Applications/Xcode_14.1.app/Contents/Developer/Platforms/iPhoneOS.platform/Developer/SDKs/iPhoneOS16.1.sdk
 
-fstrict-aliasing
 
-Wprotocol
 
-Wdeprecated-declarations
 
-g
 
-Wno-sign-conversion
 
-Winfinite-recursion
 
-Wcomma
 
-Wblock-capture-autoreleasing
 
-Wstrict-prototypes
 
-Wno-semicolon-before-method-body
 
-Wunguarded-availability
 
-iquote
 
/Users/kino/Library/Developer/Xcode/DerivedData/xxxxxxx-bdztphfbiaehwufyzyxwmcggkuxp/Build/Intermediates.noindex/xxxxxxx.build/Debug-iphoneos/xxxxxxx.build/xxxxxxx-generated-files.hmap
 
-I/Users/kino/Library/Developer/Xcode/DerivedData/xxxxxxx-bdztphfbiaehwufyzyxwmcggkuxp/Build/Intermediates.noindex/xxxxxxx.build/Debug-iphoneos/xxxxxxx.build/xxxxxxx-own-target-headers.hmap
 
-I/Users/kino/Library/Developer/Xcode/DerivedData/xxxxxxx-bdztphfbiaehwufyzyxwmcggkuxp/Build/Intermediates.noindex/xxxxxxx.build/Debug-iphoneos/xxxxxxx.build/xxxxxxx-all-target-headers.hmap
 
-iquote
 
/Users/kino/Library/Developer/Xcode/DerivedData/xxxxxxx-bdztphfbiaehwufyzyxwmcggkuxp/Build/Intermediates.noindex/xxxxxxx.build/Debug-iphoneos/xxxxxxx.build/xxxxxxx-project-headers.hmap
 
-I/Users/kino/Library/Developer/Xcode/DerivedData/xxxxxxx-bdztphfbiaehwufyzyxwmcggkuxp/Build/Products/Debug-iphoneos/include
 
-I/Users/kino/Library/Developer/Xcode/DerivedData/xxxxxxx-bdztphfbiaehwufyzyxwmcggkuxp/Build/Intermediates.noindex/xxxxxxx.build/Debug-iphoneos/xxxxxxx.build/DerivedSources-normal/arm64
 
-I/Users/kino/Library/Developer/Xcode/DerivedData/xxxxxxx-bdztphfbiaehwufyzyxwmcggkuxp/Build/Intermediates.noindex/xxxxxxx.build/Debug-iphoneos/xxxxxxx.build/DerivedSources/arm64
 
-I/Users/kino/Library/Developer/Xcode/DerivedData/xxxxxxx-bdztphfbiaehwufyzyxwmcggkuxp/Build/Intermediates.noindex/xxxxxxx.build/Debug-iphoneos/xxxxxxx.build/DerivedSources
 
-F/Users/kino/Library/Developer/Xcode/DerivedData/xxxxxxx-bdztphfbiaehwufyzyxwmcggkuxp/Build/Products/Debug-iphoneos
 
-MMD
 
-MT
 
dependencies
 
-MF
 
/Users/kino/Library/Developer/Xcode/DerivedData/xxxxxxx-bdztphfbiaehwufyzyxwmcggkuxp/Build/Intermediates.noindex/xxxxxxx.build/Debug-iphoneos/xxxxxxx.build/Objects-normal/arm64/YYOfficialActivityNormalPkBarView.d
 
--serialize-diagnostics
 
/Users/kino/Library/Developer/Xcode/DerivedData/xxxxxxx-bdztphfbiaehwufyzyxwmcggkuxp/Build/Intermediates.noindex/xxxxxxx.build/Debug-iphoneos/xxxxxxx.build/Objects-normal/arm64/YYOfficialActivityNormalPkBarView.dia
 
-c
 
/Users/kino/Desktop/OCLintTestProj/xxxxxxx/xxxxxxx/YYOfficialActivityNormalPkBarView.m
 
-o
 
/Users/kino/Library/Developer/Xcode/DerivedData/xxxxxxx-bdztphfbiaehwufyzyxwmcggkuxp/Build/Intermediates.noindex/xxxxxxx.build/Debug-iphoneos/xxxxxxx.build/Objects-normal/arm64/YYOfficialActivityNormalPkBarView.o
 
-Wno-everything
 

Adjusted Command: 
/Applications/Xcode_14.1.app/Contents/Developer/Toolchains/XcodeDefault.xctoolchain/usr/bin/clang
 
-x
 
objective-c
 
-target
 
arm64-apple-ios15.2
 
-fmessage-length=0
 
-fdiagnostics-show-note-include-stack
 
-fmacro-backtrace-limit=0
 
-std=gnu11
 
-fobjc-arc
 
-fobjc-weak
 
-fmodules
 
-gmodules
 
-fmodules-cache-path=/Users/kino/Library/Developer/Xcode/DerivedData/ModuleCache.noindex
 
-fmodules-prune-interval=86400
 
-fmodules-prune-after=345600
 
-fbuild-session-file=/Users/kino/Library/Developer/Xcode/DerivedData/ModuleCache.noindex/Session.modulevalidation
 
-fmodules-validate-once-per-build-session
 
-Wnon-modular-include-in-framework-module
 
-Werror=non-modular-include-in-framework-module
 
-Wno-trigraphs
 
-fpascal-strings
 
-O0
 
-fno-common
 
-Wno-missing-field-initializers
 
-Wno-missing-prototypes
 
-Werror=return-type
 
-Wdocumentation
 
-Wunreachable-code
 
-Wquoted-include-in-framework-header
 
-Wno-implicit-atomic-properties
 
-Werror=deprecated-objc-isa-usage
 
-Wno-objc-interface-ivars
 
-Werror=objc-root-class
 
-Wno-arc-repeated-use-of-weak
 
-Wimplicit-retain-self
 
-Wduplicate-method-match
 
-Wno-missing-braces
 
-Wparentheses
 
-Wswitch
 
-Wunused-function
 
-Wno-unused-label
 
-Wno-unused-parameter
 
-Wunused-variable
 
-Wunused-value
 
-Wempty-body
 
-Wuninitialized
 
-Wconditional-uninitialized
 
-Wno-unknown-pragmas
 
-Wno-shadow
 
-Wno-four-char-constants
 
-Wno-conversion
 
-Wconstant-conversion
 
-Wint-conversion
 
-Wbool-conversion
 
-Wenum-conversion
 
-Wno-float-conversion
 
-Wnon-literal-null-conversion
 
-Wobjc-literal-conversion
 
-Wshorten-64-to-32
 
-Wpointer-sign
 
-Wno-newline-eof
 
-Wno-selector
 
-Wno-strict-selector-match
 
-Wundeclared-selector
 
-Wdeprecated-implementations
 
-Wno-implicit-fallthrough
 
-DDEBUG=1
 
-DOBJC_OLD_DISPATCH_PROTOTYPES=0
 
-isysroot
 
/Applications/Xcode_14.1.app/Contents/Developer/Platforms/iPhoneOS.platform/Developer/SDKs/iPhoneOS16.1.sdk
 
-fstrict-aliasing
 
-Wprotocol
 
-Wdeprecated-declarations
 
-g
 
-Wno-sign-conversion
 
-Winfinite-recursion
 
-Wcomma
 
-Wblock-capture-autoreleasing
 
-Wstrict-prototypes
 
-Wno-semicolon-before-method-body
 
-Wunguarded-availability
 
-iquote
 
/Users/kino/Library/Developer/Xcode/DerivedData/xxxxxxx-bdztphfbiaehwufyzyxwmcggkuxp/Build/Intermediates.noindex/xxxxxxx.build/Debug-iphoneos/xxxxxxx.build/xxxxxxx-generated-files.hmap
 
-I/Users/kino/Library/Developer/Xcode/DerivedData/xxxxxxx-bdztphfbiaehwufyzyxwmcggkuxp/Build/Intermediates.noindex/xxxxxxx.build/Debug-iphoneos/xxxxxxx.build/xxxxxxx-own-target-headers.hmap
 
-I/Users/kino/Library/Developer/Xcode/DerivedData/xxxxxxx-bdztphfbiaehwufyzyxwmcggkuxp/Build/Intermediates.noindex/xxxxxxx.build/Debug-iphoneos/xxxxxxx.build/xxxxxxx-all-target-headers.hmap
 
-iquote
 
/Users/kino/Library/Developer/Xcode/DerivedData/xxxxxxx-bdztphfbiaehwufyzyxwmcggkuxp/Build/Intermediates.noindex/xxxxxxx.build/Debug-iphoneos/xxxxxxx.build/xxxxxxx-project-headers.hmap
 
-I/Users/kino/Library/Developer/Xcode/DerivedData/xxxxxxx-bdztphfbiaehwufyzyxwmcggkuxp/Build/Products/Debug-iphoneos/include
 
-I/Users/kino/Library/Developer/Xcode/DerivedData/xxxxxxx-bdztphfbiaehwufyzyxwmcggkuxp/Build/Intermediates.noindex/xxxxxxx.build/Debug-iphoneos/xxxxxxx.build/DerivedSources-normal/arm64
 
-I/Users/kino/Library/Developer/Xcode/DerivedData/xxxxxxx-bdztphfbiaehwufyzyxwmcggkuxp/Build/Intermediates.noindex/xxxxxxx.build/Debug-iphoneos/xxxxxxx.build/DerivedSources/arm64
 
-I/Users/kino/Library/Developer/Xcode/DerivedData/xxxxxxx-bdztphfbiaehwufyzyxwmcggkuxp/Build/Intermediates.noindex/xxxxxxx.build/Debug-iphoneos/xxxxxxx.build/DerivedSources
 
-F/Users/kino/Library/Developer/Xcode/DerivedData/xxxxxxx-bdztphfbiaehwufyzyxwmcggkuxp/Build/Products/Debug-iphoneos
 
-MMD
 
-MT
 
dependencies
 
-MF
 
/Users/kino/Library/Developer/Xcode/DerivedData/xxxxxxx-bdztphfbiaehwufyzyxwmcggkuxp/Build/Intermediates.noindex/xxxxxxx.build/Debug-iphoneos/xxxxxxx.build/Objects-normal/arm64/YYOfficialActivityNormalPkBarView.d
 
--serialize-diagnostics
 
/Users/kino/Library/Developer/Xcode/DerivedData/xxxxxxx-bdztphfbiaehwufyzyxwmcggkuxp/Build/Intermediates.noindex/xxxxxxx.build/Debug-iphoneos/xxxxxxx.build/Objects-normal/arm64/YYOfficialActivityNormalPkBarView.dia
 
-c
 
/Users/kino/Desktop/OCLintTestProj/xxxxxxx/xxxxxxx/YYOfficialActivityNormalPkBarView.m
 
-Wno-everything
 
-fsyntax-only
 

has ast context
 - Success
-----------------------
File: 
/Users/kino/Desktop/OCLintTestProj/xxxxxxx/xxxxxxx/SceneDelegate.m
File: 
/Users/kino/Desktop/OCLintTestProj/xxxxxxx/xxxxxxx/SceneDelegate.m
Directory: 
/
/
Command: 
/Applications/Xcode_14.1.app/Contents/Developer/Toolchains/XcodeDefault.xctoolchain/usr/bin/clang
 
-x
 
objective-c
 
-target
 
arm64-apple-ios15.2
 
-fmessage-length=0
 
-fdiagnostics-show-note-include-stack
 
-fmacro-backtrace-limit=0
 
-std=gnu11
 
-fobjc-arc
 
-fobjc-weak
 
-fmodules
 
-gmodules
 
-fmodules-cache-path=/Users/kino/Library/Developer/Xcode/DerivedData/ModuleCache.noindex
 
-fmodules-prune-interval=86400
 
-fmodules-prune-after=345600
 
-fbuild-session-file=/Users/kino/Library/Developer/Xcode/DerivedData/ModuleCache.noindex/Session.modulevalidation
 
-fmodules-validate-once-per-build-session
 
-Wnon-modular-include-in-framework-module
 
-Werror=non-modular-include-in-framework-module
 
-Wno-trigraphs
 
-fpascal-strings
 
-O0
 
-fno-common
 
-Wno-missing-field-initializers
 
-Wno-missing-prototypes
 
-Werror=return-type
 
-Wdocumentation
 
-Wunreachable-code
 
-Wquoted-include-in-framework-header
 
-Wno-implicit-atomic-properties
 
-Werror=deprecated-objc-isa-usage
 
-Wno-objc-interface-ivars
 
-Werror=objc-root-class
 
-Wno-arc-repeated-use-of-weak
 
-Wimplicit-retain-self
 
-Wduplicate-method-match
 
-Wno-missing-braces
 
-Wparentheses
 
-Wswitch
 
-Wunused-function
 
-Wno-unused-label
 
-Wno-unused-parameter
 
-Wunused-variable
 
-Wunused-value
 
-Wempty-body
 
-Wuninitialized
 
-Wconditional-uninitialized
 
-Wno-unknown-pragmas
 
-Wno-shadow
 
-Wno-four-char-constants
 
-Wno-conversion
 
-Wconstant-conversion
 
-Wint-conversion
 
-Wbool-conversion
 
-Wenum-conversion
 
-Wno-float-conversion
 
-Wnon-literal-null-conversion
 
-Wobjc-literal-conversion
 
-Wshorten-64-to-32
 
-Wpointer-sign
 
-Wno-newline-eof
 
-Wno-selector
 
-Wno-strict-selector-match
 
-Wundeclared-selector
 
-Wdeprecated-implementations
 
-Wno-implicit-fallthrough
 
-DDEBUG=1
 
-DOBJC_OLD_DISPATCH_PROTOTYPES=0
 
-isysroot
 
/Applications/Xcode_14.1.app/Contents/Developer/Platforms/iPhoneOS.platform/Developer/SDKs/iPhoneOS16.1.sdk
 
-fstrict-aliasing
 
-Wprotocol
 
-Wdeprecated-declarations
 
-g
 
-Wno-sign-conversion
 
-Winfinite-recursion
 
-Wcomma
 
-Wblock-capture-autoreleasing
 
-Wstrict-prototypes
 
-Wno-semicolon-before-method-body
 
-Wunguarded-availability
 
-iquote
 
/Users/kino/Library/Developer/Xcode/DerivedData/xxxxxxx-bdztphfbiaehwufyzyxwmcggkuxp/Build/Intermediates.noindex/xxxxxxx.build/Debug-iphoneos/xxxxxxx.build/xxxxxxx-generated-files.hmap
 
-I/Users/kino/Library/Developer/Xcode/DerivedData/xxxxxxx-bdztphfbiaehwufyzyxwmcggkuxp/Build/Intermediates.noindex/xxxxxxx.build/Debug-iphoneos/xxxxxxx.build/xxxxxxx-own-target-headers.hmap
 
-I/Users/kino/Library/Developer/Xcode/DerivedData/xxxxxxx-bdztphfbiaehwufyzyxwmcggkuxp/Build/Intermediates.noindex/xxxxxxx.build/Debug-iphoneos/xxxxxxx.build/xxxxxxx-all-target-headers.hmap
 
-iquote
 
/Users/kino/Library/Developer/Xcode/DerivedData/xxxxxxx-bdztphfbiaehwufyzyxwmcggkuxp/Build/Intermediates.noindex/xxxxxxx.build/Debug-iphoneos/xxxxxxx.build/xxxxxxx-project-headers.hmap
 
-I/Users/kino/Library/Developer/Xcode/DerivedData/xxxxxxx-bdztphfbiaehwufyzyxwmcggkuxp/Build/Products/Debug-iphoneos/include
 
-I/Users/kino/Library/Developer/Xcode/DerivedData/xxxxxxx-bdztphfbiaehwufyzyxwmcggkuxp/Build/Intermediates.noindex/xxxxxxx.build/Debug-iphoneos/xxxxxxx.build/DerivedSources-normal/arm64
 
-I/Users/kino/Library/Developer/Xcode/DerivedData/xxxxxxx-bdztphfbiaehwufyzyxwmcggkuxp/Build/Intermediates.noindex/xxxxxxx.build/Debug-iphoneos/xxxxxxx.build/DerivedSources/arm64
 
-I/Users/kino/Library/Developer/Xcode/DerivedData/xxxxxxx-bdztphfbiaehwufyzyxwmcggkuxp/Build/Intermediates.noindex/xxxxxxx.build/Debug-iphoneos/xxxxxxx.build/DerivedSources
 
-F/Users/kino/Library/Developer/Xcode/DerivedData/xxxxxxx-bdztphfbiaehwufyzyxwmcggkuxp/Build/Products/Debug-iphoneos
 
-MMD
 
-MT
 
dependencies
 
-MF
 
/Users/kino/Library/Developer/Xcode/DerivedData/xxxxxxx-bdztphfbiaehwufyzyxwmcggkuxp/Build/Intermediates.noindex/xxxxxxx.build/Debug-iphoneos/xxxxxxx.build/Objects-normal/arm64/SceneDelegate.d
 
--serialize-diagnostics
 
/Users/kino/Library/Developer/Xcode/DerivedData/xxxxxxx-bdztphfbiaehwufyzyxwmcggkuxp/Build/Intermediates.noindex/xxxxxxx.build/Debug-iphoneos/xxxxxxx.build/Objects-normal/arm64/SceneDelegate.dia
 
-c
 
/Users/kino/Desktop/OCLintTestProj/xxxxxxx/xxxxxxx/SceneDelegate.m
 
-o
 
/Users/kino/Library/Developer/Xcode/DerivedData/xxxxxxx-bdztphfbiaehwufyzyxwmcggkuxp/Build/Intermediates.noindex/xxxxxxx.build/Debug-iphoneos/xxxxxxx.build/Objects-normal/arm64/SceneDelegate.o
 
-Wno-everything
 

Adjusted Command: 
/Applications/Xcode_14.1.app/Contents/Developer/Toolchains/XcodeDefault.xctoolchain/usr/bin/clang
 
-x
 
objective-c
 
-target
 
arm64-apple-ios15.2
 
-fmessage-length=0
 
-fdiagnostics-show-note-include-stack
 
-fmacro-backtrace-limit=0
 
-std=gnu11
 
-fobjc-arc
 
-fobjc-weak
 
-fmodules
 
-gmodules
 
-fmodules-cache-path=/Users/kino/Library/Developer/Xcode/DerivedData/ModuleCache.noindex
 
-fmodules-prune-interval=86400
 
-fmodules-prune-after=345600
 
-fbuild-session-file=/Users/kino/Library/Developer/Xcode/DerivedData/ModuleCache.noindex/Session.modulevalidation
 
-fmodules-validate-once-per-build-session
 
-Wnon-modular-include-in-framework-module
 
-Werror=non-modular-include-in-framework-module
 
-Wno-trigraphs
 
-fpascal-strings
 
-O0
 
-fno-common
 
-Wno-missing-field-initializers
 
-Wno-missing-prototypes
 
-Werror=return-type
 
-Wdocumentation
 
-Wunreachable-code
 
-Wquoted-include-in-framework-header
 
-Wno-implicit-atomic-properties
 
-Werror=deprecated-objc-isa-usage
 
-Wno-objc-interface-ivars
 
-Werror=objc-root-class
 
-Wno-arc-repeated-use-of-weak
 
-Wimplicit-retain-self
 
-Wduplicate-method-match
 
-Wno-missing-braces
 
-Wparentheses
 
-Wswitch
 
-Wunused-function
 
-Wno-unused-label
 
-Wno-unused-parameter
 
-Wunused-variable
 
-Wunused-value
 
-Wempty-body
 
-Wuninitialized
 
-Wconditional-uninitialized
 
-Wno-unknown-pragmas
 
-Wno-shadow
 
-Wno-four-char-constants
 
-Wno-conversion
 
-Wconstant-conversion
 
-Wint-conversion
 
-Wbool-conversion
 
-Wenum-conversion
 
-Wno-float-conversion
 
-Wnon-literal-null-conversion
 
-Wobjc-literal-conversion
 
-Wshorten-64-to-32
 
-Wpointer-sign
 
-Wno-newline-eof
 
-Wno-selector
 
-Wno-strict-selector-match
 
-Wundeclared-selector
 
-Wdeprecated-implementations
 
-Wno-implicit-fallthrough
 
-DDEBUG=1
 
-DOBJC_OLD_DISPATCH_PROTOTYPES=0
 
-isysroot
 
/Applications/Xcode_14.1.app/Contents/Developer/Platforms/iPhoneOS.platform/Developer/SDKs/iPhoneOS16.1.sdk
 
-fstrict-aliasing
 
-Wprotocol
 
-Wdeprecated-declarations
 
-g
 
-Wno-sign-conversion
 
-Winfinite-recursion
 
-Wcomma
 
-Wblock-capture-autoreleasing
 
-Wstrict-prototypes
 
-Wno-semicolon-before-method-body
 
-Wunguarded-availability
 
-iquote
 
/Users/kino/Library/Developer/Xcode/DerivedData/xxxxxxx-bdztphfbiaehwufyzyxwmcggkuxp/Build/Intermediates.noindex/xxxxxxx.build/Debug-iphoneos/xxxxxxx.build/xxxxxxx-generated-files.hmap
 
-I/Users/kino/Library/Developer/Xcode/DerivedData/xxxxxxx-bdztphfbiaehwufyzyxwmcggkuxp/Build/Intermediates.noindex/xxxxxxx.build/Debug-iphoneos/xxxxxxx.build/xxxxxxx-own-target-headers.hmap
 
-I/Users/kino/Library/Developer/Xcode/DerivedData/xxxxxxx-bdztphfbiaehwufyzyxwmcggkuxp/Build/Intermediates.noindex/xxxxxxx.build/Debug-iphoneos/xxxxxxx.build/xxxxxxx-all-target-headers.hmap
 
-iquote
 
/Users/kino/Library/Developer/Xcode/DerivedData/xxxxxxx-bdztphfbiaehwufyzyxwmcggkuxp/Build/Intermediates.noindex/xxxxxxx.build/Debug-iphoneos/xxxxxxx.build/xxxxxxx-project-headers.hmap
 
-I/Users/kino/Library/Developer/Xcode/DerivedData/xxxxxxx-bdztphfbiaehwufyzyxwmcggkuxp/Build/Products/Debug-iphoneos/include
 
-I/Users/kino/Library/Developer/Xcode/DerivedData/xxxxxxx-bdztphfbiaehwufyzyxwmcggkuxp/Build/Intermediates.noindex/xxxxxxx.build/Debug-iphoneos/xxxxxxx.build/DerivedSources-normal/arm64
 
-I/Users/kino/Library/Developer/Xcode/DerivedData/xxxxxxx-bdztphfbiaehwufyzyxwmcggkuxp/Build/Intermediates.noindex/xxxxxxx.build/Debug-iphoneos/xxxxxxx.build/DerivedSources/arm64
 
-I/Users/kino/Library/Developer/Xcode/DerivedData/xxxxxxx-bdztphfbiaehwufyzyxwmcggkuxp/Build/Intermediates.noindex/xxxxxxx.build/Debug-iphoneos/xxxxxxx.build/DerivedSources
 
-F/Users/kino/Library/Developer/Xcode/DerivedData/xxxxxxx-bdztphfbiaehwufyzyxwmcggkuxp/Build/Products/Debug-iphoneos
 
-MMD
 
-MT
 
dependencies
 
-MF
 
/Users/kino/Library/Developer/Xcode/DerivedData/xxxxxxx-bdztphfbiaehwufyzyxwmcggkuxp/Build/Intermediates.noindex/xxxxxxx.build/Debug-iphoneos/xxxxxxx.build/Objects-normal/arm64/SceneDelegate.d
 
--serialize-diagnostics
 
/Users/kino/Library/Developer/Xcode/DerivedData/xxxxxxx-bdztphfbiaehwufyzyxwmcggkuxp/Build/Intermediates.noindex/xxxxxxx.build/Debug-iphoneos/xxxxxxx.build/Objects-normal/arm64/SceneDelegate.dia
 
-c
 
/Users/kino/Desktop/OCLintTestProj/xxxxxxx/xxxxxxx/SceneDelegate.m
 
-Wno-everything
 
-fsyntax-only
 

has ast context
 - Success
-----------------------
File: 
/Users/kino/Desktop/OCLintTestProj/xxxxxxx/xxxxxxx/Debug3.m
File: 
/Users/kino/Desktop/OCLintTestProj/xxxxxxx/xxxxxxx/Debug3.m
Directory: 
/
/
Command: 
/Applications/Xcode_14.1.app/Contents/Developer/Toolchains/XcodeDefault.xctoolchain/usr/bin/clang
 
-x
 
objective-c
 
-target
 
arm64-apple-ios15.2
 
-fmessage-length=0
 
-fdiagnostics-show-note-include-stack
 
-fmacro-backtrace-limit=0
 
-std=gnu11
 
-fobjc-arc
 
-fobjc-weak
 
-fmodules
 
-gmodules
 
-fmodules-cache-path=/Users/kino/Library/Developer/Xcode/DerivedData/ModuleCache.noindex
 
-fmodules-prune-interval=86400
 
-fmodules-prune-after=345600
 
-fbuild-session-file=/Users/kino/Library/Developer/Xcode/DerivedData/ModuleCache.noindex/Session.modulevalidation
 
-fmodules-validate-once-per-build-session
 
-Wnon-modular-include-in-framework-module
 
-Werror=non-modular-include-in-framework-module
 
-Wno-trigraphs
 
-fpascal-strings
 
-O0
 
-fno-common
 
-Wno-missing-field-initializers
 
-Wno-missing-prototypes
 
-Werror=return-type
 
-Wdocumentation
 
-Wunreachable-code
 
-Wquoted-include-in-framework-header
 
-Wno-implicit-atomic-properties
 
-Werror=deprecated-objc-isa-usage
 
-Wno-objc-interface-ivars
 
-Werror=objc-root-class
 
-Wno-arc-repeated-use-of-weak
 
-Wimplicit-retain-self
 
-Wduplicate-method-match
 
-Wno-missing-braces
 
-Wparentheses
 
-Wswitch
 
-Wunused-function
 
-Wno-unused-label
 
-Wno-unused-parameter
 
-Wunused-variable
 
-Wunused-value
 
-Wempty-body
 
-Wuninitialized
 
-Wconditional-uninitialized
 
-Wno-unknown-pragmas
 
-Wno-shadow
 
-Wno-four-char-constants
 
-Wno-conversion
 
-Wconstant-conversion
 
-Wint-conversion
 
-Wbool-conversion
 
-Wenum-conversion
 
-Wno-float-conversion
 
-Wnon-literal-null-conversion
 
-Wobjc-literal-conversion
 
-Wshorten-64-to-32
 
-Wpointer-sign
 
-Wno-newline-eof
 
-Wno-selector
 
-Wno-strict-selector-match
 
-Wundeclared-selector
 
-Wdeprecated-implementations
 
-Wno-implicit-fallthrough
 
-DDEBUG=1
 
-DOBJC_OLD_DISPATCH_PROTOTYPES=0
 
-isysroot
 
/Applications/Xcode_14.1.app/Contents/Developer/Platforms/iPhoneOS.platform/Developer/SDKs/iPhoneOS16.1.sdk
 
-fstrict-aliasing
 
-Wprotocol
 
-Wdeprecated-declarations
 
-g
 
-Wno-sign-conversion
 
-Winfinite-recursion
 
-Wcomma
 
-Wblock-capture-autoreleasing
 
-Wstrict-prototypes
 
-Wno-semicolon-before-method-body
 
-Wunguarded-availability
 
-iquote
 
/Users/kino/Library/Developer/Xcode/DerivedData/xxxxxxx-bdztphfbiaehwufyzyxwmcggkuxp/Build/Intermediates.noindex/xxxxxxx.build/Debug-iphoneos/xxxxxxx.build/xxxxxxx-generated-files.hmap
 
-I/Users/kino/Library/Developer/Xcode/DerivedData/xxxxxxx-bdztphfbiaehwufyzyxwmcggkuxp/Build/Intermediates.noindex/xxxxxxx.build/Debug-iphoneos/xxxxxxx.build/xxxxxxx-own-target-headers.hmap
 
-I/Users/kino/Library/Developer/Xcode/DerivedData/xxxxxxx-bdztphfbiaehwufyzyxwmcggkuxp/Build/Intermediates.noindex/xxxxxxx.build/Debug-iphoneos/xxxxxxx.build/xxxxxxx-all-target-headers.hmap
 
-iquote
 
/Users/kino/Library/Developer/Xcode/DerivedData/xxxxxxx-bdztphfbiaehwufyzyxwmcggkuxp/Build/Intermediates.noindex/xxxxxxx.build/Debug-iphoneos/xxxxxxx.build/xxxxxxx-project-headers.hmap
 
-I/Users/kino/Library/Developer/Xcode/DerivedData/xxxxxxx-bdztphfbiaehwufyzyxwmcggkuxp/Build/Products/Debug-iphoneos/include
 
-I/Users/kino/Library/Developer/Xcode/DerivedData/xxxxxxx-bdztphfbiaehwufyzyxwmcggkuxp/Build/Intermediates.noindex/xxxxxxx.build/Debug-iphoneos/xxxxxxx.build/DerivedSources-normal/arm64
 
-I/Users/kino/Library/Developer/Xcode/DerivedData/xxxxxxx-bdztphfbiaehwufyzyxwmcggkuxp/Build/Intermediates.noindex/xxxxxxx.build/Debug-iphoneos/xxxxxxx.build/DerivedSources/arm64
 
-I/Users/kino/Library/Developer/Xcode/DerivedData/xxxxxxx-bdztphfbiaehwufyzyxwmcggkuxp/Build/Intermediates.noindex/xxxxxxx.build/Debug-iphoneos/xxxxxxx.build/DerivedSources
 
-F/Users/kino/Library/Developer/Xcode/DerivedData/xxxxxxx-bdztphfbiaehwufyzyxwmcggkuxp/Build/Products/Debug-iphoneos
 
-MMD
 
-MT
 
dependencies
 
-MF
 
/Users/kino/Library/Developer/Xcode/DerivedData/xxxxxxx-bdztphfbiaehwufyzyxwmcggkuxp/Build/Intermediates.noindex/xxxxxxx.build/Debug-iphoneos/xxxxxxx.build/Objects-normal/arm64/Debug3.d
 
--serialize-diagnostics
 
/Users/kino/Library/Developer/Xcode/DerivedData/xxxxxxx-bdztphfbiaehwufyzyxwmcggkuxp/Build/Intermediates.noindex/xxxxxxx.build/Debug-iphoneos/xxxxxxx.build/Objects-normal/arm64/Debug3.dia
 
-c
 
/Users/kino/Desktop/OCLintTestProj/xxxxxxx/xxxxxxx/Debug3.m
 
-o
 
/Users/kino/Library/Developer/Xcode/DerivedData/xxxxxxx-bdztphfbiaehwufyzyxwmcggkuxp/Build/Intermediates.noindex/xxxxxxx.build/Debug-iphoneos/xxxxxxx.build/Objects-normal/arm64/Debug3.o
 
-Wno-everything
 

Adjusted Command: 
/Applications/Xcode_14.1.app/Contents/Developer/Toolchains/XcodeDefault.xctoolchain/usr/bin/clang
 
-x
 
objective-c
 
-target
 
arm64-apple-ios15.2
 
-fmessage-length=0
 
-fdiagnostics-show-note-include-stack
 
-fmacro-backtrace-limit=0
 
-std=gnu11
 
-fobjc-arc
 
-fobjc-weak
 
-fmodules
 
-gmodules
 
-fmodules-cache-path=/Users/kino/Library/Developer/Xcode/DerivedData/ModuleCache.noindex
 
-fmodules-prune-interval=86400
 
-fmodules-prune-after=345600
 
-fbuild-session-file=/Users/kino/Library/Developer/Xcode/DerivedData/ModuleCache.noindex/Session.modulevalidation
 
-fmodules-validate-once-per-build-session
 
-Wnon-modular-include-in-framework-module
 
-Werror=non-modular-include-in-framework-module
 
-Wno-trigraphs
 
-fpascal-strings
 
-O0
 
-fno-common
 
-Wno-missing-field-initializers
 
-Wno-missing-prototypes
 
-Werror=return-type
 
-Wdocumentation
 
-Wunreachable-code
 
-Wquoted-include-in-framework-header
 
-Wno-implicit-atomic-properties
 
-Werror=deprecated-objc-isa-usage
 
-Wno-objc-interface-ivars
 
-Werror=objc-root-class
 
-Wno-arc-repeated-use-of-weak
 
-Wimplicit-retain-self
 
-Wduplicate-method-match
 
-Wno-missing-braces
 
-Wparentheses
 
-Wswitch
 
-Wunused-function
 
-Wno-unused-label
 
-Wno-unused-parameter
 
-Wunused-variable
 
-Wunused-value
 
-Wempty-body
 
-Wuninitialized
 
-Wconditional-uninitialized
 
-Wno-unknown-pragmas
 
-Wno-shadow
 
-Wno-four-char-constants
 
-Wno-conversion
 
-Wconstant-conversion
 
-Wint-conversion
 
-Wbool-conversion
 
-Wenum-conversion
 
-Wno-float-conversion
 
-Wnon-literal-null-conversion
 
-Wobjc-literal-conversion
 
-Wshorten-64-to-32
 
-Wpointer-sign
 
-Wno-newline-eof
 
-Wno-selector
 
-Wno-strict-selector-match
 
-Wundeclared-selector
 
-Wdeprecated-implementations
 
-Wno-implicit-fallthrough
 
-DDEBUG=1
 
-DOBJC_OLD_DISPATCH_PROTOTYPES=0
 
-isysroot
 
/Applications/Xcode_14.1.app/Contents/Developer/Platforms/iPhoneOS.platform/Developer/SDKs/iPhoneOS16.1.sdk
 
-fstrict-aliasing
 
-Wprotocol
 
-Wdeprecated-declarations
 
-g
 
-Wno-sign-conversion
 
-Winfinite-recursion
 
-Wcomma
 
-Wblock-capture-autoreleasing
 
-Wstrict-prototypes
 
-Wno-semicolon-before-method-body
 
-Wunguarded-availability
 
-iquote
 
/Users/kino/Library/Developer/Xcode/DerivedData/xxxxxxx-bdztphfbiaehwufyzyxwmcggkuxp/Build/Intermediates.noindex/xxxxxxx.build/Debug-iphoneos/xxxxxxx.build/xxxxxxx-generated-files.hmap
 
-I/Users/kino/Library/Developer/Xcode/DerivedData/xxxxxxx-bdztphfbiaehwufyzyxwmcggkuxp/Build/Intermediates.noindex/xxxxxxx.build/Debug-iphoneos/xxxxxxx.build/xxxxxxx-own-target-headers.hmap
 
-I/Users/kino/Library/Developer/Xcode/DerivedData/xxxxxxx-bdztphfbiaehwufyzyxwmcggkuxp/Build/Intermediates.noindex/xxxxxxx.build/Debug-iphoneos/xxxxxxx.build/xxxxxxx-all-target-headers.hmap
 
-iquote
 
/Users/kino/Library/Developer/Xcode/DerivedData/xxxxxxx-bdztphfbiaehwufyzyxwmcggkuxp/Build/Intermediates.noindex/xxxxxxx.build/Debug-iphoneos/xxxxxxx.build/xxxxxxx-project-headers.hmap
 
-I/Users/kino/Library/Developer/Xcode/DerivedData/xxxxxxx-bdztphfbiaehwufyzyxwmcggkuxp/Build/Products/Debug-iphoneos/include
 
-I/Users/kino/Library/Developer/Xcode/DerivedData/xxxxxxx-bdztphfbiaehwufyzyxwmcggkuxp/Build/Intermediates.noindex/xxxxxxx.build/Debug-iphoneos/xxxxxxx.build/DerivedSources-normal/arm64
 
-I/Users/kino/Library/Developer/Xcode/DerivedData/xxxxxxx-bdztphfbiaehwufyzyxwmcggkuxp/Build/Intermediates.noindex/xxxxxxx.build/Debug-iphoneos/xxxxxxx.build/DerivedSources/arm64
 
-I/Users/kino/Library/Developer/Xcode/DerivedData/xxxxxxx-bdztphfbiaehwufyzyxwmcggkuxp/Build/Intermediates.noindex/xxxxxxx.build/Debug-iphoneos/xxxxxxx.build/DerivedSources
 
-F/Users/kino/Library/Developer/Xcode/DerivedData/xxxxxxx-bdztphfbiaehwufyzyxwmcggkuxp/Build/Products/Debug-iphoneos
 
-MMD
 
-MT
 
dependencies
 
-MF
 
/Users/kino/Library/Developer/Xcode/DerivedData/xxxxxxx-bdztphfbiaehwufyzyxwmcggkuxp/Build/Intermediates.noindex/xxxxxxx.build/Debug-iphoneos/xxxxxxx.build/Objects-normal/arm64/Debug3.d
 
--serialize-diagnostics
 
/Users/kino/Library/Developer/Xcode/DerivedData/xxxxxxx-bdztphfbiaehwufyzyxwmcggkuxp/Build/Intermediates.noindex/xxxxxxx.build/Debug-iphoneos/xxxxxxx.build/Objects-normal/arm64/Debug3.dia
 
-c
 
/Users/kino/Desktop/OCLintTestProj/xxxxxxx/xxxxxxx/Debug3.m
 
-Wno-everything
 
-fsyntax-only
 

has ast context
 - Success
-----------------------
File: 
/Users/kino/Desktop/OCLintTestProj/xxxxxxx/xxxxxxx/main.m
File: 
/Users/kino/Desktop/OCLintTestProj/xxxxxxx/xxxxxxx/main.m
Directory: 
/
/
Command: 
/Applications/Xcode_14.1.app/Contents/Developer/Toolchains/XcodeDefault.xctoolchain/usr/bin/clang
 
-x
 
objective-c
 
-target
 
arm64-apple-ios15.2
 
-fmessage-length=0
 
-fdiagnostics-show-note-include-stack
 
-fmacro-backtrace-limit=0
 
-std=gnu11
 
-fobjc-arc
 
-fobjc-weak
 
-fmodules
 
-gmodules
 
-fmodules-cache-path=/Users/kino/Library/Developer/Xcode/DerivedData/ModuleCache.noindex
 
-fmodules-prune-interval=86400
 
-fmodules-prune-after=345600
 
-fbuild-session-file=/Users/kino/Library/Developer/Xcode/DerivedData/ModuleCache.noindex/Session.modulevalidation
 
-fmodules-validate-once-per-build-session
 
-Wnon-modular-include-in-framework-module
 
-Werror=non-modular-include-in-framework-module
 
-Wno-trigraphs
 
-fpascal-strings
 
-O0
 
-fno-common
 
-Wno-missing-field-initializers
 
-Wno-missing-prototypes
 
-Werror=return-type
 
-Wdocumentation
 
-Wunreachable-code
 
-Wquoted-include-in-framework-header
 
-Wno-implicit-atomic-properties
 
-Werror=deprecated-objc-isa-usage
 
-Wno-objc-interface-ivars
 
-Werror=objc-root-class
 
-Wno-arc-repeated-use-of-weak
 
-Wimplicit-retain-self
 
-Wduplicate-method-match
 
-Wno-missing-braces
 
-Wparentheses
 
-Wswitch
 
-Wunused-function
 
-Wno-unused-label
 
-Wno-unused-parameter
 
-Wunused-variable
 
-Wunused-value
 
-Wempty-body
 
-Wuninitialized
 
-Wconditional-uninitialized
 
-Wno-unknown-pragmas
 
-Wno-shadow
 
-Wno-four-char-constants
 
-Wno-conversion
 
-Wconstant-conversion
 
-Wint-conversion
 
-Wbool-conversion
 
-Wenum-conversion
 
-Wno-float-conversion
 
-Wnon-literal-null-conversion
 
-Wobjc-literal-conversion
 
-Wshorten-64-to-32
 
-Wpointer-sign
 
-Wno-newline-eof
 
-Wno-selector
 
-Wno-strict-selector-match
 
-Wundeclared-selector
 
-Wdeprecated-implementations
 
-Wno-implicit-fallthrough
 
-DDEBUG=1
 
-DOBJC_OLD_DISPATCH_PROTOTYPES=0
 
-isysroot
 
/Applications/Xcode_14.1.app/Contents/Developer/Platforms/iPhoneOS.platform/Developer/SDKs/iPhoneOS16.1.sdk
 
-fstrict-aliasing
 
-Wprotocol
 
-Wdeprecated-declarations
 
-g
 
-Wno-sign-conversion
 
-Winfinite-recursion
 
-Wcomma
 
-Wblock-capture-autoreleasing
 
-Wstrict-prototypes
 
-Wno-semicolon-before-method-body
 
-Wunguarded-availability
 
-iquote
 
/Users/kino/Library/Developer/Xcode/DerivedData/xxxxxxx-bdztphfbiaehwufyzyxwmcggkuxp/Build/Intermediates.noindex/xxxxxxx.build/Debug-iphoneos/xxxxxxx.build/xxxxxxx-generated-files.hmap
 
-I/Users/kino/Library/Developer/Xcode/DerivedData/xxxxxxx-bdztphfbiaehwufyzyxwmcggkuxp/Build/Intermediates.noindex/xxxxxxx.build/Debug-iphoneos/xxxxxxx.build/xxxxxxx-own-target-headers.hmap
 
-I/Users/kino/Library/Developer/Xcode/DerivedData/xxxxxxx-bdztphfbiaehwufyzyxwmcggkuxp/Build/Intermediates.noindex/xxxxxxx.build/Debug-iphoneos/xxxxxxx.build/xxxxxxx-all-target-headers.hmap
 
-iquote
 
/Users/kino/Library/Developer/Xcode/DerivedData/xxxxxxx-bdztphfbiaehwufyzyxwmcggkuxp/Build/Intermediates.noindex/xxxxxxx.build/Debug-iphoneos/xxxxxxx.build/xxxxxxx-project-headers.hmap
 
-I/Users/kino/Library/Developer/Xcode/DerivedData/xxxxxxx-bdztphfbiaehwufyzyxwmcggkuxp/Build/Products/Debug-iphoneos/include
 
-I/Users/kino/Library/Developer/Xcode/DerivedData/xxxxxxx-bdztphfbiaehwufyzyxwmcggkuxp/Build/Intermediates.noindex/xxxxxxx.build/Debug-iphoneos/xxxxxxx.build/DerivedSources-normal/arm64
 
-I/Users/kino/Library/Developer/Xcode/DerivedData/xxxxxxx-bdztphfbiaehwufyzyxwmcggkuxp/Build/Intermediates.noindex/xxxxxxx.build/Debug-iphoneos/xxxxxxx.build/DerivedSources/arm64
 
-I/Users/kino/Library/Developer/Xcode/DerivedData/xxxxxxx-bdztphfbiaehwufyzyxwmcggkuxp/Build/Intermediates.noindex/xxxxxxx.build/Debug-iphoneos/xxxxxxx.build/DerivedSources
 
-F/Users/kino/Library/Developer/Xcode/DerivedData/xxxxxxx-bdztphfbiaehwufyzyxwmcggkuxp/Build/Products/Debug-iphoneos
 
-MMD
 
-MT
 
dependencies
 
-MF
 
/Users/kino/Library/Developer/Xcode/DerivedData/xxxxxxx-bdztphfbiaehwufyzyxwmcggkuxp/Build/Intermediates.noindex/xxxxxxx.build/Debug-iphoneos/xxxxxxx.build/Objects-normal/arm64/main.d
 
--serialize-diagnostics
 
/Users/kino/Library/Developer/Xcode/DerivedData/xxxxxxx-bdztphfbiaehwufyzyxwmcggkuxp/Build/Intermediates.noindex/xxxxxxx.build/Debug-iphoneos/xxxxxxx.build/Objects-normal/arm64/main.dia
 
-c
 
/Users/kino/Desktop/OCLintTestProj/xxxxxxx/xxxxxxx/main.m
 
-o
 
/Users/kino/Library/Developer/Xcode/DerivedData/xxxxxxx-bdztphfbiaehwufyzyxwmcggkuxp/Build/Intermediates.noindex/xxxxxxx.build/Debug-iphoneos/xxxxxxx.build/Objects-normal/arm64/main.o
 
-Wno-everything
 

Adjusted Command: 
/Applications/Xcode_14.1.app/Contents/Developer/Toolchains/XcodeDefault.xctoolchain/usr/bin/clang
 
-x
 
objective-c
 
-target
 
arm64-apple-ios15.2
 
-fmessage-length=0
 
-fdiagnostics-show-note-include-stack
 
-fmacro-backtrace-limit=0
 
-std=gnu11
 
-fobjc-arc
 
-fobjc-weak
 
-fmodules
 
-gmodules
 
-fmodules-cache-path=/Users/kino/Library/Developer/Xcode/DerivedData/ModuleCache.noindex
 
-fmodules-prune-interval=86400
 
-fmodules-prune-after=345600
 
-fbuild-session-file=/Users/kino/Library/Developer/Xcode/DerivedData/ModuleCache.noindex/Session.modulevalidation
 
-fmodules-validate-once-per-build-session
 
-Wnon-modular-include-in-framework-module
 
-Werror=non-modular-include-in-framework-module
 
-Wno-trigraphs
 
-fpascal-strings
 
-O0
 
-fno-common
 
-Wno-missing-field-initializers
 
-Wno-missing-prototypes
 
-Werror=return-type
 
-Wdocumentation
 
-Wunreachable-code
 
-Wquoted-include-in-framework-header
 
-Wno-implicit-atomic-properties
 
-Werror=deprecated-objc-isa-usage
 
-Wno-objc-interface-ivars
 
-Werror=objc-root-class
 
-Wno-arc-repeated-use-of-weak
 
-Wimplicit-retain-self
 
-Wduplicate-method-match
 
-Wno-missing-braces
 
-Wparentheses
 
-Wswitch
 
-Wunused-function
 
-Wno-unused-label
 
-Wno-unused-parameter
 
-Wunused-variable
 
-Wunused-value
 
-Wempty-body
 
-Wuninitialized
 
-Wconditional-uninitialized
 
-Wno-unknown-pragmas
 
-Wno-shadow
 
-Wno-four-char-constants
 
-Wno-conversion
 
-Wconstant-conversion
 
-Wint-conversion
 
-Wbool-conversion
 
-Wenum-conversion
 
-Wno-float-conversion
 
-Wnon-literal-null-conversion
 
-Wobjc-literal-conversion
 
-Wshorten-64-to-32
 
-Wpointer-sign
 
-Wno-newline-eof
 
-Wno-selector
 
-Wno-strict-selector-match
 
-Wundeclared-selector
 
-Wdeprecated-implementations
 
-Wno-implicit-fallthrough
 
-DDEBUG=1
 
-DOBJC_OLD_DISPATCH_PROTOTYPES=0
 
-isysroot
 
/Applications/Xcode_14.1.app/Contents/Developer/Platforms/iPhoneOS.platform/Developer/SDKs/iPhoneOS16.1.sdk
 
-fstrict-aliasing
 
-Wprotocol
 
-Wdeprecated-declarations
 
-g
 
-Wno-sign-conversion
 
-Winfinite-recursion
 
-Wcomma
 
-Wblock-capture-autoreleasing
 
-Wstrict-prototypes
 
-Wno-semicolon-before-method-body
 
-Wunguarded-availability
 
-iquote
 
/Users/kino/Library/Developer/Xcode/DerivedData/xxxxxxx-bdztphfbiaehwufyzyxwmcggkuxp/Build/Intermediates.noindex/xxxxxxx.build/Debug-iphoneos/xxxxxxx.build/xxxxxxx-generated-files.hmap
 
-I/Users/kino/Library/Developer/Xcode/DerivedData/xxxxxxx-bdztphfbiaehwufyzyxwmcggkuxp/Build/Intermediates.noindex/xxxxxxx.build/Debug-iphoneos/xxxxxxx.build/xxxxxxx-own-target-headers.hmap
 
-I/Users/kino/Library/Developer/Xcode/DerivedData/xxxxxxx-bdztphfbiaehwufyzyxwmcggkuxp/Build/Intermediates.noindex/xxxxxxx.build/Debug-iphoneos/xxxxxxx.build/xxxxxxx-all-target-headers.hmap
 
-iquote
 
/Users/kino/Library/Developer/Xcode/DerivedData/xxxxxxx-bdztphfbiaehwufyzyxwmcggkuxp/Build/Intermediates.noindex/xxxxxxx.build/Debug-iphoneos/xxxxxxx.build/xxxxxxx-project-headers.hmap
 
-I/Users/kino/Library/Developer/Xcode/DerivedData/xxxxxxx-bdztphfbiaehwufyzyxwmcggkuxp/Build/Products/Debug-iphoneos/include
 
-I/Users/kino/Library/Developer/Xcode/DerivedData/xxxxxxx-bdztphfbiaehwufyzyxwmcggkuxp/Build/Intermediates.noindex/xxxxxxx.build/Debug-iphoneos/xxxxxxx.build/DerivedSources-normal/arm64
 
-I/Users/kino/Library/Developer/Xcode/DerivedData/xxxxxxx-bdztphfbiaehwufyzyxwmcggkuxp/Build/Intermediates.noindex/xxxxxxx.build/Debug-iphoneos/xxxxxxx.build/DerivedSources/arm64
 
-I/Users/kino/Library/Developer/Xcode/DerivedData/xxxxxxx-bdztphfbiaehwufyzyxwmcggkuxp/Build/Intermediates.noindex/xxxxxxx.build/Debug-iphoneos/xxxxxxx.build/DerivedSources
 
-F/Users/kino/Library/Developer/Xcode/DerivedData/xxxxxxx-bdztphfbiaehwufyzyxwmcggkuxp/Build/Products/Debug-iphoneos
 
-MMD
 
-MT
 
dependencies
 
-MF
 
/Users/kino/Library/Developer/Xcode/DerivedData/xxxxxxx-bdztphfbiaehwufyzyxwmcggkuxp/Build/Intermediates.noindex/xxxxxxx.build/Debug-iphoneos/xxxxxxx.build/Objects-normal/arm64/main.d
 
--serialize-diagnostics
 
/Users/kino/Library/Developer/Xcode/DerivedData/xxxxxxx-bdztphfbiaehwufyzyxwmcggkuxp/Build/Intermediates.noindex/xxxxxxx.build/Debug-iphoneos/xxxxxxx.build/Objects-normal/arm64/main.dia
 
-c
 
/Users/kino/Desktop/OCLintTestProj/xxxxxxx/xxxxxxx/main.m
 
-Wno-everything
 
-fsyntax-only
 

has ast context
 - Success
-----------------------
File: 
/Users/kino/Desktop/OCLintTestProj/xxxxxxx/xxxxxxx/ViewController.m
File: 
/Users/kino/Desktop/OCLintTestProj/xxxxxxx/xxxxxxx/ViewController.m
Directory: 
/
/
Command: 
/Applications/Xcode_14.1.app/Contents/Developer/Toolchains/XcodeDefault.xctoolchain/usr/bin/clang
 
-x
 
objective-c
 
-target
 
arm64-apple-ios15.2
 
-fmessage-length=0
 
-fdiagnostics-show-note-include-stack
 
-fmacro-backtrace-limit=0
 
-std=gnu11
 
-fobjc-arc
 
-fobjc-weak
 
-fmodules
 
-gmodules
 
-fmodules-cache-path=/Users/kino/Library/Developer/Xcode/DerivedData/ModuleCache.noindex
 
-fmodules-prune-interval=86400
 
-fmodules-prune-after=345600
 
-fbuild-session-file=/Users/kino/Library/Developer/Xcode/DerivedData/ModuleCache.noindex/Session.modulevalidation
 
-fmodules-validate-once-per-build-session
 
-Wnon-modular-include-in-framework-module
 
-Werror=non-modular-include-in-framework-module
 
-Wno-trigraphs
 
-fpascal-strings
 
-O0
 
-fno-common
 
-Wno-missing-field-initializers
 
-Wno-missing-prototypes
 
-Werror=return-type
 
-Wdocumentation
 
-Wunreachable-code
 
-Wquoted-include-in-framework-header
 
-Wno-implicit-atomic-properties
 
-Werror=deprecated-objc-isa-usage
 
-Wno-objc-interface-ivars
 
-Werror=objc-root-class
 
-Wno-arc-repeated-use-of-weak
 
-Wimplicit-retain-self
 
-Wduplicate-method-match
 
-Wno-missing-braces
 
-Wparentheses
 
-Wswitch
 
-Wunused-function
 
-Wno-unused-label
 
-Wno-unused-parameter
 
-Wunused-variable
 
-Wunused-value
 
-Wempty-body
 
-Wuninitialized
 
-Wconditional-uninitialized
 
-Wno-unknown-pragmas
 
-Wno-shadow
 
-Wno-four-char-constants
 
-Wno-conversion
 
-Wconstant-conversion
 
-Wint-conversion
 
-Wbool-conversion
 
-Wenum-conversion
 
-Wno-float-conversion
 
-Wnon-literal-null-conversion
 
-Wobjc-literal-conversion
 
-Wshorten-64-to-32
 
-Wpointer-sign
 
-Wno-newline-eof
 
-Wno-selector
 
-Wno-strict-selector-match
 
-Wundeclared-selector
 
-Wdeprecated-implementations
 
-Wno-implicit-fallthrough
 
-DDEBUG=1
 
-DOBJC_OLD_DISPATCH_PROTOTYPES=0
 
-isysroot
 
/Applications/Xcode_14.1.app/Contents/Developer/Platforms/iPhoneOS.platform/Developer/SDKs/iPhoneOS16.1.sdk
 
-fstrict-aliasing
 
-Wprotocol
 
-Wdeprecated-declarations
 
-g
 
-Wno-sign-conversion
 
-Winfinite-recursion
 
-Wcomma
 
-Wblock-capture-autoreleasing
 
-Wstrict-prototypes
 
-Wno-semicolon-before-method-body
 
-Wunguarded-availability
 
-iquote
 
/Users/kino/Library/Developer/Xcode/DerivedData/xxxxxxx-bdztphfbiaehwufyzyxwmcggkuxp/Build/Intermediates.noindex/xxxxxxx.build/Debug-iphoneos/xxxxxxx.build/xxxxxxx-generated-files.hmap
 
-I/Users/kino/Library/Developer/Xcode/DerivedData/xxxxxxx-bdztphfbiaehwufyzyxwmcggkuxp/Build/Intermediates.noindex/xxxxxxx.build/Debug-iphoneos/xxxxxxx.build/xxxxxxx-own-target-headers.hmap
 
-I/Users/kino/Library/Developer/Xcode/DerivedData/xxxxxxx-bdztphfbiaehwufyzyxwmcggkuxp/Build/Intermediates.noindex/xxxxxxx.build/Debug-iphoneos/xxxxxxx.build/xxxxxxx-all-target-headers.hmap
 
-iquote
 
/Users/kino/Library/Developer/Xcode/DerivedData/xxxxxxx-bdztphfbiaehwufyzyxwmcggkuxp/Build/Intermediates.noindex/xxxxxxx.build/Debug-iphoneos/xxxxxxx.build/xxxxxxx-project-headers.hmap
 
-I/Users/kino/Library/Developer/Xcode/DerivedData/xxxxxxx-bdztphfbiaehwufyzyxwmcggkuxp/Build/Products/Debug-iphoneos/include
 
-I/Users/kino/Library/Developer/Xcode/DerivedData/xxxxxxx-bdztphfbiaehwufyzyxwmcggkuxp/Build/Intermediates.noindex/xxxxxxx.build/Debug-iphoneos/xxxxxxx.build/DerivedSources-normal/arm64
 
-I/Users/kino/Library/Developer/Xcode/DerivedData/xxxxxxx-bdztphfbiaehwufyzyxwmcggkuxp/Build/Intermediates.noindex/xxxxxxx.build/Debug-iphoneos/xxxxxxx.build/DerivedSources/arm64
 
-I/Users/kino/Library/Developer/Xcode/DerivedData/xxxxxxx-bdztphfbiaehwufyzyxwmcggkuxp/Build/Intermediates.noindex/xxxxxxx.build/Debug-iphoneos/xxxxxxx.build/DerivedSources
 
-F/Users/kino/Library/Developer/Xcode/DerivedData/xxxxxxx-bdztphfbiaehwufyzyxwmcggkuxp/Build/Products/Debug-iphoneos
 
-MMD
 
-MT
 
dependencies
 
-MF
 
/Users/kino/Library/Developer/Xcode/DerivedData/xxxxxxx-bdztphfbiaehwufyzyxwmcggkuxp/Build/Intermediates.noindex/xxxxxxx.build/Debug-iphoneos/xxxxxxx.build/Objects-normal/arm64/ViewController.d
 
--serialize-diagnostics
 
/Users/kino/Library/Developer/Xcode/DerivedData/xxxxxxx-bdztphfbiaehwufyzyxwmcggkuxp/Build/Intermediates.noindex/xxxxxxx.build/Debug-iphoneos/xxxxxxx.build/Objects-normal/arm64/ViewController.dia
 
-c
 
/Users/kino/Desktop/OCLintTestProj/xxxxxxx/xxxxxxx/ViewController.m
 
-o
 
/Users/kino/Library/Developer/Xcode/DerivedData/xxxxxxx-bdztphfbiaehwufyzyxwmcggkuxp/Build/Intermediates.noindex/xxxxxxx.build/Debug-iphoneos/xxxxxxx.build/Objects-normal/arm64/ViewController.o
 
-Wno-everything
 

Adjusted Command: 
/Applications/Xcode_14.1.app/Contents/Developer/Toolchains/XcodeDefault.xctoolchain/usr/bin/clang
 
-x
 
objective-c
 
-target
 
arm64-apple-ios15.2
 
-fmessage-length=0
 
-fdiagnostics-show-note-include-stack
 
-fmacro-backtrace-limit=0
 
-std=gnu11
 
-fobjc-arc
 
-fobjc-weak
 
-fmodules
 
-gmodules
 
-fmodules-cache-path=/Users/kino/Library/Developer/Xcode/DerivedData/ModuleCache.noindex
 
-fmodules-prune-interval=86400
 
-fmodules-prune-after=345600
 
-fbuild-session-file=/Users/kino/Library/Developer/Xcode/DerivedData/ModuleCache.noindex/Session.modulevalidation
 
-fmodules-validate-once-per-build-session
 
-Wnon-modular-include-in-framework-module
 
-Werror=non-modular-include-in-framework-module
 
-Wno-trigraphs
 
-fpascal-strings
 
-O0
 
-fno-common
 
-Wno-missing-field-initializers
 
-Wno-missing-prototypes
 
-Werror=return-type
 
-Wdocumentation
 
-Wunreachable-code
 
-Wquoted-include-in-framework-header
 
-Wno-implicit-atomic-properties
 
-Werror=deprecated-objc-isa-usage
 
-Wno-objc-interface-ivars
 
-Werror=objc-root-class
 
-Wno-arc-repeated-use-of-weak
 
-Wimplicit-retain-self
 
-Wduplicate-method-match
 
-Wno-missing-braces
 
-Wparentheses
 
-Wswitch
 
-Wunused-function
 
-Wno-unused-label
 
-Wno-unused-parameter
 
-Wunused-variable
 
-Wunused-value
 
-Wempty-body
 
-Wuninitialized
 
-Wconditional-uninitialized
 
-Wno-unknown-pragmas
 
-Wno-shadow
 
-Wno-four-char-constants
 
-Wno-conversion
 
-Wconstant-conversion
 
-Wint-conversion
 
-Wbool-conversion
 
-Wenum-conversion
 
-Wno-float-conversion
 
-Wnon-literal-null-conversion
 
-Wobjc-literal-conversion
 
-Wshorten-64-to-32
 
-Wpointer-sign
 
-Wno-newline-eof
 
-Wno-selector
 
-Wno-strict-selector-match
 
-Wundeclared-selector
 
-Wdeprecated-implementations
 
-Wno-implicit-fallthrough
 
-DDEBUG=1
 
-DOBJC_OLD_DISPATCH_PROTOTYPES=0
 
-isysroot
 
/Applications/Xcode_14.1.app/Contents/Developer/Platforms/iPhoneOS.platform/Developer/SDKs/iPhoneOS16.1.sdk
 
-fstrict-aliasing
 
-Wprotocol
 
-Wdeprecated-declarations
 
-g
 
-Wno-sign-conversion
 
-Winfinite-recursion
 
-Wcomma
 
-Wblock-capture-autoreleasing
 
-Wstrict-prototypes
 
-Wno-semicolon-before-method-body
 
-Wunguarded-availability
 
-iquote
 
/Users/kino/Library/Developer/Xcode/DerivedData/xxxxxxx-bdztphfbiaehwufyzyxwmcggkuxp/Build/Intermediates.noindex/xxxxxxx.build/Debug-iphoneos/xxxxxxx.build/xxxxxxx-generated-files.hmap
 
-I/Users/kino/Library/Developer/Xcode/DerivedData/xxxxxxx-bdztphfbiaehwufyzyxwmcggkuxp/Build/Intermediates.noindex/xxxxxxx.build/Debug-iphoneos/xxxxxxx.build/xxxxxxx-own-target-headers.hmap
 
-I/Users/kino/Library/Developer/Xcode/DerivedData/xxxxxxx-bdztphfbiaehwufyzyxwmcggkuxp/Build/Intermediates.noindex/xxxxxxx.build/Debug-iphoneos/xxxxxxx.build/xxxxxxx-all-target-headers.hmap
 
-iquote
 
/Users/kino/Library/Developer/Xcode/DerivedData/xxxxxxx-bdztphfbiaehwufyzyxwmcggkuxp/Build/Intermediates.noindex/xxxxxxx.build/Debug-iphoneos/xxxxxxx.build/xxxxxxx-project-headers.hmap
 
-I/Users/kino/Library/Developer/Xcode/DerivedData/xxxxxxx-bdztphfbiaehwufyzyxwmcggkuxp/Build/Products/Debug-iphoneos/include
 
-I/Users/kino/Library/Developer/Xcode/DerivedData/xxxxxxx-bdztphfbiaehwufyzyxwmcggkuxp/Build/Intermediates.noindex/xxxxxxx.build/Debug-iphoneos/xxxxxxx.build/DerivedSources-normal/arm64
 
-I/Users/kino/Library/Developer/Xcode/DerivedData/xxxxxxx-bdztphfbiaehwufyzyxwmcggkuxp/Build/Intermediates.noindex/xxxxxxx.build/Debug-iphoneos/xxxxxxx.build/DerivedSources/arm64
 
-I/Users/kino/Library/Developer/Xcode/DerivedData/xxxxxxx-bdztphfbiaehwufyzyxwmcggkuxp/Build/Intermediates.noindex/xxxxxxx.build/Debug-iphoneos/xxxxxxx.build/DerivedSources
 
-F/Users/kino/Library/Developer/Xcode/DerivedData/xxxxxxx-bdztphfbiaehwufyzyxwmcggkuxp/Build/Products/Debug-iphoneos
 
-MMD
 
-MT
 
dependencies
 
-MF
 
/Users/kino/Library/Developer/Xcode/DerivedData/xxxxxxx-bdztphfbiaehwufyzyxwmcggkuxp/Build/Intermediates.noindex/xxxxxxx.build/Debug-iphoneos/xxxxxxx.build/Objects-normal/arm64/ViewController.d
 
--serialize-diagnostics
 
/Users/kino/Library/Developer/Xcode/DerivedData/xxxxxxx-bdztphfbiaehwufyzyxwmcggkuxp/Build/Intermediates.noindex/xxxxxxx.build/Debug-iphoneos/xxxxxxx.build/Objects-normal/arm64/ViewController.dia
 
-c
 
/Users/kino/Desktop/OCLintTestProj/xxxxxxx/xxxxxxx/ViewController.m
 
-Wno-everything
 
-fsyntax-only
 

has ast context
 - Success
-----------------------
File: 
/Users/kino/Desktop/OCLintTestProj/xxxxxxx/xxxxxxx/Debug2.m
File: 
/Users/kino/Desktop/OCLintTestProj/xxxxxxx/xxxxxxx/Debug2.m
Directory: 
/
/
Command: 
/Applications/Xcode_14.1.app/Contents/Developer/Toolchains/XcodeDefault.xctoolchain/usr/bin/clang
 
-x
 
objective-c
 
-target
 
arm64-apple-ios15.2
 
-fmessage-length=0
 
-fdiagnostics-show-note-include-stack
 
-fmacro-backtrace-limit=0
 
-std=gnu11
 
-fobjc-arc
 
-fobjc-weak
 
-fmodules
 
-gmodules
 
-fmodules-cache-path=/Users/kino/Library/Developer/Xcode/DerivedData/ModuleCache.noindex
 
-fmodules-prune-interval=86400
 
-fmodules-prune-after=345600
 
-fbuild-session-file=/Users/kino/Library/Developer/Xcode/DerivedData/ModuleCache.noindex/Session.modulevalidation
 
-fmodules-validate-once-per-build-session
 
-Wnon-modular-include-in-framework-module
 
-Werror=non-modular-include-in-framework-module
 
-Wno-trigraphs
 
-fpascal-strings
 
-O0
 
-fno-common
 
-Wno-missing-field-initializers
 
-Wno-missing-prototypes
 
-Werror=return-type
 
-Wdocumentation
 
-Wunreachable-code
 
-Wquoted-include-in-framework-header
 
-Wno-implicit-atomic-properties
 
-Werror=deprecated-objc-isa-usage
 
-Wno-objc-interface-ivars
 
-Werror=objc-root-class
 
-Wno-arc-repeated-use-of-weak
 
-Wimplicit-retain-self
 
-Wduplicate-method-match
 
-Wno-missing-braces
 
-Wparentheses
 
-Wswitch
 
-Wunused-function
 
-Wno-unused-label
 
-Wno-unused-parameter
 
-Wunused-variable
 
-Wunused-value
 
-Wempty-body
 
-Wuninitialized
 
-Wconditional-uninitialized
 
-Wno-unknown-pragmas
 
-Wno-shadow
 
-Wno-four-char-constants
 
-Wno-conversion
 
-Wconstant-conversion
 
-Wint-conversion
 
-Wbool-conversion
 
-Wenum-conversion
 
-Wno-float-conversion
 
-Wnon-literal-null-conversion
 
-Wobjc-literal-conversion
 
-Wshorten-64-to-32
 
-Wpointer-sign
 
-Wno-newline-eof
 
-Wno-selector
 
-Wno-strict-selector-match
 
-Wundeclared-selector
 
-Wdeprecated-implementations
 
-Wno-implicit-fallthrough
 
-DDEBUG=1
 
-DOBJC_OLD_DISPATCH_PROTOTYPES=0
 
-isysroot
 
/Applications/Xcode_14.1.app/Contents/Developer/Platforms/iPhoneOS.platform/Developer/SDKs/iPhoneOS16.1.sdk
 
-fstrict-aliasing
 
-Wprotocol
 
-Wdeprecated-declarations
 
-g
 
-Wno-sign-conversion
 
-Winfinite-recursion
 
-Wcomma
 
-Wblock-capture-autoreleasing
 
-Wstrict-prototypes
 
-Wno-semicolon-before-method-body
 
-Wunguarded-availability
 
-iquote
 
/Users/kino/Library/Developer/Xcode/DerivedData/xxxxxxx-bdztphfbiaehwufyzyxwmcggkuxp/Build/Intermediates.noindex/xxxxxxx.build/Debug-iphoneos/xxxxxxx.build/xxxxxxx-generated-files.hmap
 
-I/Users/kino/Library/Developer/Xcode/DerivedData/xxxxxxx-bdztphfbiaehwufyzyxwmcggkuxp/Build/Intermediates.noindex/xxxxxxx.build/Debug-iphoneos/xxxxxxx.build/xxxxxxx-own-target-headers.hmap
 
-I/Users/kino/Library/Developer/Xcode/DerivedData/xxxxxxx-bdztphfbiaehwufyzyxwmcggkuxp/Build/Intermediates.noindex/xxxxxxx.build/Debug-iphoneos/xxxxxxx.build/xxxxxxx-all-target-headers.hmap
 
-iquote
 
/Users/kino/Library/Developer/Xcode/DerivedData/xxxxxxx-bdztphfbiaehwufyzyxwmcggkuxp/Build/Intermediates.noindex/xxxxxxx.build/Debug-iphoneos/xxxxxxx.build/xxxxxxx-project-headers.hmap
 
-I/Users/kino/Library/Developer/Xcode/DerivedData/xxxxxxx-bdztphfbiaehwufyzyxwmcggkuxp/Build/Products/Debug-iphoneos/include
 
-I/Users/kino/Library/Developer/Xcode/DerivedData/xxxxxxx-bdztphfbiaehwufyzyxwmcggkuxp/Build/Intermediates.noindex/xxxxxxx.build/Debug-iphoneos/xxxxxxx.build/DerivedSources-normal/arm64
 
-I/Users/kino/Library/Developer/Xcode/DerivedData/xxxxxxx-bdztphfbiaehwufyzyxwmcggkuxp/Build/Intermediates.noindex/xxxxxxx.build/Debug-iphoneos/xxxxxxx.build/DerivedSources/arm64
 
-I/Users/kino/Library/Developer/Xcode/DerivedData/xxxxxxx-bdztphfbiaehwufyzyxwmcggkuxp/Build/Intermediates.noindex/xxxxxxx.build/Debug-iphoneos/xxxxxxx.build/DerivedSources
 
-F/Users/kino/Library/Developer/Xcode/DerivedData/xxxxxxx-bdztphfbiaehwufyzyxwmcggkuxp/Build/Products/Debug-iphoneos
 
-MMD
 
-MT
 
dependencies
 
-MF
 
/Users/kino/Library/Developer/Xcode/DerivedData/xxxxxxx-bdztphfbiaehwufyzyxwmcggkuxp/Build/Intermediates.noindex/xxxxxxx.build/Debug-iphoneos/xxxxxxx.build/Objects-normal/arm64/Debug2.d
 
--serialize-diagnostics
 
/Users/kino/Library/Developer/Xcode/DerivedData/xxxxxxx-bdztphfbiaehwufyzyxwmcggkuxp/Build/Intermediates.noindex/xxxxxxx.build/Debug-iphoneos/xxxxxxx.build/Objects-normal/arm64/Debug2.dia
 
-c
 
/Users/kino/Desktop/OCLintTestProj/xxxxxxx/xxxxxxx/Debug2.m
 
-o
 
/Users/kino/Library/Developer/Xcode/DerivedData/xxxxxxx-bdztphfbiaehwufyzyxwmcggkuxp/Build/Intermediates.noindex/xxxxxxx.build/Debug-iphoneos/xxxxxxx.build/Objects-normal/arm64/Debug2.o
 
-Wno-everything
 

Adjusted Command: 
/Applications/Xcode_14.1.app/Contents/Developer/Toolchains/XcodeDefault.xctoolchain/usr/bin/clang
 
-x
 
objective-c
 
-target
 
arm64-apple-ios15.2
 
-fmessage-length=0
 
-fdiagnostics-show-note-include-stack
 
-fmacro-backtrace-limit=0
 
-std=gnu11
 
-fobjc-arc
 
-fobjc-weak
 
-fmodules
 
-gmodules
 
-fmodules-cache-path=/Users/kino/Library/Developer/Xcode/DerivedData/ModuleCache.noindex
 
-fmodules-prune-interval=86400
 
-fmodules-prune-after=345600
 
-fbuild-session-file=/Users/kino/Library/Developer/Xcode/DerivedData/ModuleCache.noindex/Session.modulevalidation
 
-fmodules-validate-once-per-build-session
 
-Wnon-modular-include-in-framework-module
 
-Werror=non-modular-include-in-framework-module
 
-Wno-trigraphs
 
-fpascal-strings
 
-O0
 
-fno-common
 
-Wno-missing-field-initializers
 
-Wno-missing-prototypes
 
-Werror=return-type
 
-Wdocumentation
 
-Wunreachable-code
 
-Wquoted-include-in-framework-header
 
-Wno-implicit-atomic-properties
 
-Werror=deprecated-objc-isa-usage
 
-Wno-objc-interface-ivars
 
-Werror=objc-root-class
 
-Wno-arc-repeated-use-of-weak
 
-Wimplicit-retain-self
 
-Wduplicate-method-match
 
-Wno-missing-braces
 
-Wparentheses
 
-Wswitch
 
-Wunused-function
 
-Wno-unused-label
 
-Wno-unused-parameter
 
-Wunused-variable
 
-Wunused-value
 
-Wempty-body
 
-Wuninitialized
 
-Wconditional-uninitialized
 
-Wno-unknown-pragmas
 
-Wno-shadow
 
-Wno-four-char-constants
 
-Wno-conversion
 
-Wconstant-conversion
 
-Wint-conversion
 
-Wbool-conversion
 
-Wenum-conversion
 
-Wno-float-conversion
 
-Wnon-literal-null-conversion
 
-Wobjc-literal-conversion
 
-Wshorten-64-to-32
 
-Wpointer-sign
 
-Wno-newline-eof
 
-Wno-selector
 
-Wno-strict-selector-match
 
-Wundeclared-selector
 
-Wdeprecated-implementations
 
-Wno-implicit-fallthrough
 
-DDEBUG=1
 
-DOBJC_OLD_DISPATCH_PROTOTYPES=0
 
-isysroot
 
/Applications/Xcode_14.1.app/Contents/Developer/Platforms/iPhoneOS.platform/Developer/SDKs/iPhoneOS16.1.sdk
 
-fstrict-aliasing
 
-Wprotocol
 
-Wdeprecated-declarations
 
-g
 
-Wno-sign-conversion
 
-Winfinite-recursion
 
-Wcomma
 
-Wblock-capture-autoreleasing
 
-Wstrict-prototypes
 
-Wno-semicolon-before-method-body
 
-Wunguarded-availability
 
-iquote
 
/Users/kino/Library/Developer/Xcode/DerivedData/xxxxxxx-bdztphfbiaehwufyzyxwmcggkuxp/Build/Intermediates.noindex/xxxxxxx.build/Debug-iphoneos/xxxxxxx.build/xxxxxxx-generated-files.hmap
 
-I/Users/kino/Library/Developer/Xcode/DerivedData/xxxxxxx-bdztphfbiaehwufyzyxwmcggkuxp/Build/Intermediates.noindex/xxxxxxx.build/Debug-iphoneos/xxxxxxx.build/xxxxxxx-own-target-headers.hmap
 
-I/Users/kino/Library/Developer/Xcode/DerivedData/xxxxxxx-bdztphfbiaehwufyzyxwmcggkuxp/Build/Intermediates.noindex/xxxxxxx.build/Debug-iphoneos/xxxxxxx.build/xxxxxxx-all-target-headers.hmap
 
-iquote
 
/Users/kino/Library/Developer/Xcode/DerivedData/xxxxxxx-bdztphfbiaehwufyzyxwmcggkuxp/Build/Intermediates.noindex/xxxxxxx.build/Debug-iphoneos/xxxxxxx.build/xxxxxxx-project-headers.hmap
 
-I/Users/kino/Library/Developer/Xcode/DerivedData/xxxxxxx-bdztphfbiaehwufyzyxwmcggkuxp/Build/Products/Debug-iphoneos/include
 
-I/Users/kino/Library/Developer/Xcode/DerivedData/xxxxxxx-bdztphfbiaehwufyzyxwmcggkuxp/Build/Intermediates.noindex/xxxxxxx.build/Debug-iphoneos/xxxxxxx.build/DerivedSources-normal/arm64
 
-I/Users/kino/Library/Developer/Xcode/DerivedData/xxxxxxx-bdztphfbiaehwufyzyxwmcggkuxp/Build/Intermediates.noindex/xxxxxxx.build/Debug-iphoneos/xxxxxxx.build/DerivedSources/arm64
 
-I/Users/kino/Library/Developer/Xcode/DerivedData/xxxxxxx-bdztphfbiaehwufyzyxwmcggkuxp/Build/Intermediates.noindex/xxxxxxx.build/Debug-iphoneos/xxxxxxx.build/DerivedSources
 
-F/Users/kino/Library/Developer/Xcode/DerivedData/xxxxxxx-bdztphfbiaehwufyzyxwmcggkuxp/Build/Products/Debug-iphoneos
 
-MMD
 
-MT
 
dependencies
 
-MF
 
/Users/kino/Library/Developer/Xcode/DerivedData/xxxxxxx-bdztphfbiaehwufyzyxwmcggkuxp/Build/Intermediates.noindex/xxxxxxx.build/Debug-iphoneos/xxxxxxx.build/Objects-normal/arm64/Debug2.d
 
--serialize-diagnostics
 
/Users/kino/Library/Developer/Xcode/DerivedData/xxxxxxx-bdztphfbiaehwufyzyxwmcggkuxp/Build/Intermediates.noindex/xxxxxxx.build/Debug-iphoneos/xxxxxxx.build/Objects-normal/arm64/Debug2.dia
 
-c
 
/Users/kino/Desktop/OCLintTestProj/xxxxxxx/xxxxxxx/Debug2.m
 
-Wno-everything
 
-fsyntax-only
 

has ast context
 - Success
-----------------------
File: 
/Users/kino/Desktop/OCLintTestProj/xxxxxxx/xxxxxxx/Debug.m
File: 
/Users/kino/Desktop/OCLintTestProj/xxxxxxx/xxxxxxx/Debug.m
Directory: 
/
/
Command: 
/Applications/Xcode_14.1.app/Contents/Developer/Toolchains/XcodeDefault.xctoolchain/usr/bin/clang
 
-x
 
objective-c
 
-target
 
arm64-apple-ios15.2
 
-fmessage-length=0
 
-fdiagnostics-show-note-include-stack
 
-fmacro-backtrace-limit=0
 
-std=gnu11
 
-fobjc-arc
 
-fobjc-weak
 
-fmodules
 
-gmodules
 
-fmodules-cache-path=/Users/kino/Library/Developer/Xcode/DerivedData/ModuleCache.noindex
 
-fmodules-prune-interval=86400
 
-fmodules-prune-after=345600
 
-fbuild-session-file=/Users/kino/Library/Developer/Xcode/DerivedData/ModuleCache.noindex/Session.modulevalidation
 
-fmodules-validate-once-per-build-session
 
-Wnon-modular-include-in-framework-module
 
-Werror=non-modular-include-in-framework-module
 
-Wno-trigraphs
 
-fpascal-strings
 
-O0
 
-fno-common
 
-Wno-missing-field-initializers
 
-Wno-missing-prototypes
 
-Werror=return-type
 
-Wdocumentation
 
-Wunreachable-code
 
-Wquoted-include-in-framework-header
 
-Wno-implicit-atomic-properties
 
-Werror=deprecated-objc-isa-usage
 
-Wno-objc-interface-ivars
 
-Werror=objc-root-class
 
-Wno-arc-repeated-use-of-weak
 
-Wimplicit-retain-self
 
-Wduplicate-method-match
 
-Wno-missing-braces
 
-Wparentheses
 
-Wswitch
 
-Wunused-function
 
-Wno-unused-label
 
-Wno-unused-parameter
 
-Wunused-variable
 
-Wunused-value
 
-Wempty-body
 
-Wuninitialized
 
-Wconditional-uninitialized
 
-Wno-unknown-pragmas
 
-Wno-shadow
 
-Wno-four-char-constants
 
-Wno-conversion
 
-Wconstant-conversion
 
-Wint-conversion
 
-Wbool-conversion
 
-Wenum-conversion
 
-Wno-float-conversion
 
-Wnon-literal-null-conversion
 
-Wobjc-literal-conversion
 
-Wshorten-64-to-32
 
-Wpointer-sign
 
-Wno-newline-eof
 
-Wno-selector
 
-Wno-strict-selector-match
 
-Wundeclared-selector
 
-Wdeprecated-implementations
 
-Wno-implicit-fallthrough
 
-DDEBUG=1
 
-DOBJC_OLD_DISPATCH_PROTOTYPES=0
 
-isysroot
 
/Applications/Xcode_14.1.app/Contents/Developer/Platforms/iPhoneOS.platform/Developer/SDKs/iPhoneOS16.1.sdk
 
-fstrict-aliasing
 
-Wprotocol
 
-Wdeprecated-declarations
 
-g
 
-Wno-sign-conversion
 
-Winfinite-recursion
 
-Wcomma
 
-Wblock-capture-autoreleasing
 
-Wstrict-prototypes
 
-Wno-semicolon-before-method-body
 
-Wunguarded-availability
 
-iquote
 
/Users/kino/Library/Developer/Xcode/DerivedData/xxxxxxx-bdztphfbiaehwufyzyxwmcggkuxp/Build/Intermediates.noindex/xxxxxxx.build/Debug-iphoneos/xxxxxxx.build/xxxxxxx-generated-files.hmap
 
-I/Users/kino/Library/Developer/Xcode/DerivedData/xxxxxxx-bdztphfbiaehwufyzyxwmcggkuxp/Build/Intermediates.noindex/xxxxxxx.build/Debug-iphoneos/xxxxxxx.build/xxxxxxx-own-target-headers.hmap
 
-I/Users/kino/Library/Developer/Xcode/DerivedData/xxxxxxx-bdztphfbiaehwufyzyxwmcggkuxp/Build/Intermediates.noindex/xxxxxxx.build/Debug-iphoneos/xxxxxxx.build/xxxxxxx-all-target-headers.hmap
 
-iquote
 
/Users/kino/Library/Developer/Xcode/DerivedData/xxxxxxx-bdztphfbiaehwufyzyxwmcggkuxp/Build/Intermediates.noindex/xxxxxxx.build/Debug-iphoneos/xxxxxxx.build/xxxxxxx-project-headers.hmap
 
-I/Users/kino/Library/Developer/Xcode/DerivedData/xxxxxxx-bdztphfbiaehwufyzyxwmcggkuxp/Build/Products/Debug-iphoneos/include
 
-I/Users/kino/Library/Developer/Xcode/DerivedData/xxxxxxx-bdztphfbiaehwufyzyxwmcggkuxp/Build/Intermediates.noindex/xxxxxxx.build/Debug-iphoneos/xxxxxxx.build/DerivedSources-normal/arm64
 
-I/Users/kino/Library/Developer/Xcode/DerivedData/xxxxxxx-bdztphfbiaehwufyzyxwmcggkuxp/Build/Intermediates.noindex/xxxxxxx.build/Debug-iphoneos/xxxxxxx.build/DerivedSources/arm64
 
-I/Users/kino/Library/Developer/Xcode/DerivedData/xxxxxxx-bdztphfbiaehwufyzyxwmcggkuxp/Build/Intermediates.noindex/xxxxxxx.build/Debug-iphoneos/xxxxxxx.build/DerivedSources
 
-F/Users/kino/Library/Developer/Xcode/DerivedData/xxxxxxx-bdztphfbiaehwufyzyxwmcggkuxp/Build/Products/Debug-iphoneos
 
-MMD
 
-MT
 
dependencies
 
-MF
 
/Users/kino/Library/Developer/Xcode/DerivedData/xxxxxxx-bdztphfbiaehwufyzyxwmcggkuxp/Build/Intermediates.noindex/xxxxxxx.build/Debug-iphoneos/xxxxxxx.build/Objects-normal/arm64/Debug.d
 
--serialize-diagnostics
 
/Users/kino/Library/Developer/Xcode/DerivedData/xxxxxxx-bdztphfbiaehwufyzyxwmcggkuxp/Build/Intermediates.noindex/xxxxxxx.build/Debug-iphoneos/xxxxxxx.build/Objects-normal/arm64/Debug.dia
 
-c
 
/Users/kino/Desktop/OCLintTestProj/xxxxxxx/xxxxxxx/Debug.m
 
-o
 
/Users/kino/Library/Developer/Xcode/DerivedData/xxxxxxx-bdztphfbiaehwufyzyxwmcggkuxp/Build/Intermediates.noindex/xxxxxxx.build/Debug-iphoneos/xxxxxxx.build/Objects-normal/arm64/Debug.o
 
-Wno-everything
 

Adjusted Command: 
/Applications/Xcode_14.1.app/Contents/Developer/Toolchains/XcodeDefault.xctoolchain/usr/bin/clang
 
-x
 
objective-c
 
-target
 
arm64-apple-ios15.2
 
-fmessage-length=0
 
-fdiagnostics-show-note-include-stack
 
-fmacro-backtrace-limit=0
 
-std=gnu11
 
-fobjc-arc
 
-fobjc-weak
 
-fmodules
 
-gmodules
 
-fmodules-cache-path=/Users/kino/Library/Developer/Xcode/DerivedData/ModuleCache.noindex
 
-fmodules-prune-interval=86400
 
-fmodules-prune-after=345600
 
-fbuild-session-file=/Users/kino/Library/Developer/Xcode/DerivedData/ModuleCache.noindex/Session.modulevalidation
 
-fmodules-validate-once-per-build-session
 
-Wnon-modular-include-in-framework-module
 
-Werror=non-modular-include-in-framework-module
 
-Wno-trigraphs
 
-fpascal-strings
 
-O0
 
-fno-common
 
-Wno-missing-field-initializers
 
-Wno-missing-prototypes
 
-Werror=return-type
 
-Wdocumentation
 
-Wunreachable-code
 
-Wquoted-include-in-framework-header
 
-Wno-implicit-atomic-properties
 
-Werror=deprecated-objc-isa-usage
 
-Wno-objc-interface-ivars
 
-Werror=objc-root-class
 
-Wno-arc-repeated-use-of-weak
 
-Wimplicit-retain-self
 
-Wduplicate-method-match
 
-Wno-missing-braces
 
-Wparentheses
 
-Wswitch
 
-Wunused-function
 
-Wno-unused-label
 
-Wno-unused-parameter
 
-Wunused-variable
 
-Wunused-value
 
-Wempty-body
 
-Wuninitialized
 
-Wconditional-uninitialized
 
-Wno-unknown-pragmas
 
-Wno-shadow
 
-Wno-four-char-constants
 
-Wno-conversion
 
-Wconstant-conversion
 
-Wint-conversion
 
-Wbool-conversion
 
-Wenum-conversion
 
-Wno-float-conversion
 
-Wnon-literal-null-conversion
 
-Wobjc-literal-conversion
 
-Wshorten-64-to-32
 
-Wpointer-sign
 
-Wno-newline-eof
 
-Wno-selector
 
-Wno-strict-selector-match
 
-Wundeclared-selector
 
-Wdeprecated-implementations
 
-Wno-implicit-fallthrough
 
-DDEBUG=1
 
-DOBJC_OLD_DISPATCH_PROTOTYPES=0
 
-isysroot
 
/Applications/Xcode_14.1.app/Contents/Developer/Platforms/iPhoneOS.platform/Developer/SDKs/iPhoneOS16.1.sdk
 
-fstrict-aliasing
 
-Wprotocol
 
-Wdeprecated-declarations
 
-g
 
-Wno-sign-conversion
 
-Winfinite-recursion
 
-Wcomma
 
-Wblock-capture-autoreleasing
 
-Wstrict-prototypes
 
-Wno-semicolon-before-method-body
 
-Wunguarded-availability
 
-iquote
 
/Users/kino/Library/Developer/Xcode/DerivedData/xxxxxxx-bdztphfbiaehwufyzyxwmcggkuxp/Build/Intermediates.noindex/xxxxxxx.build/Debug-iphoneos/xxxxxxx.build/xxxxxxx-generated-files.hmap
 
-I/Users/kino/Library/Developer/Xcode/DerivedData/xxxxxxx-bdztphfbiaehwufyzyxwmcggkuxp/Build/Intermediates.noindex/xxxxxxx.build/Debug-iphoneos/xxxxxxx.build/xxxxxxx-own-target-headers.hmap
 
-I/Users/kino/Library/Developer/Xcode/DerivedData/xxxxxxx-bdztphfbiaehwufyzyxwmcggkuxp/Build/Intermediates.noindex/xxxxxxx.build/Debug-iphoneos/xxxxxxx.build/xxxxxxx-all-target-headers.hmap
 
-iquote
 
/Users/kino/Library/Developer/Xcode/DerivedData/xxxxxxx-bdztphfbiaehwufyzyxwmcggkuxp/Build/Intermediates.noindex/xxxxxxx.build/Debug-iphoneos/xxxxxxx.build/xxxxxxx-project-headers.hmap
 
-I/Users/kino/Library/Developer/Xcode/DerivedData/xxxxxxx-bdztphfbiaehwufyzyxwmcggkuxp/Build/Products/Debug-iphoneos/include
 
-I/Users/kino/Library/Developer/Xcode/DerivedData/xxxxxxx-bdztphfbiaehwufyzyxwmcggkuxp/Build/Intermediates.noindex/xxxxxxx.build/Debug-iphoneos/xxxxxxx.build/DerivedSources-normal/arm64
 
-I/Users/kino/Library/Developer/Xcode/DerivedData/xxxxxxx-bdztphfbiaehwufyzyxwmcggkuxp/Build/Intermediates.noindex/xxxxxxx.build/Debug-iphoneos/xxxxxxx.build/DerivedSources/arm64
 
-I/Users/kino/Library/Developer/Xcode/DerivedData/xxxxxxx-bdztphfbiaehwufyzyxwmcggkuxp/Build/Intermediates.noindex/xxxxxxx.build/Debug-iphoneos/xxxxxxx.build/DerivedSources
 
-F/Users/kino/Library/Developer/Xcode/DerivedData/xxxxxxx-bdztphfbiaehwufyzyxwmcggkuxp/Build/Products/Debug-iphoneos
 
-MMD
 
-MT
 
dependencies
 
-MF
 
/Users/kino/Library/Developer/Xcode/DerivedData/xxxxxxx-bdztphfbiaehwufyzyxwmcggkuxp/Build/Intermediates.noindex/xxxxxxx.build/Debug-iphoneos/xxxxxxx.build/Objects-normal/arm64/Debug.d
 
--serialize-diagnostics
 
/Users/kino/Library/Developer/Xcode/DerivedData/xxxxxxx-bdztphfbiaehwufyzyxwmcggkuxp/Build/Intermediates.noindex/xxxxxxx.build/Debug-iphoneos/xxxxxxx.build/Objects-normal/arm64/Debug.dia
 
-c
 
/Users/kino/Desktop/OCLintTestProj/xxxxxxx/xxxxxxx/Debug.m
 
-Wno-everything
 
-fsyntax-only
 

has ast context
 - Success
-----------------------
File: 
/Users/kino/Desktop/OCLintTestProj/xxxxxxx/xxxxxxx/AppDelegate.m
File: 
/Users/kino/Desktop/OCLintTestProj/xxxxxxx/xxxxxxx/AppDelegate.m
Directory: 
/
/
Command: 
/Applications/Xcode_14.1.app/Contents/Developer/Toolchains/XcodeDefault.xctoolchain/usr/bin/clang
 
-x
 
objective-c
 
-target
 
arm64-apple-ios15.2
 
-fmessage-length=0
 
-fdiagnostics-show-note-include-stack
 
-fmacro-backtrace-limit=0
 
-std=gnu11
 
-fobjc-arc
 
-fobjc-weak
 
-fmodules
 
-gmodules
 
-fmodules-cache-path=/Users/kino/Library/Developer/Xcode/DerivedData/ModuleCache.noindex
 
-fmodules-prune-interval=86400
 
-fmodules-prune-after=345600
 
-fbuild-session-file=/Users/kino/Library/Developer/Xcode/DerivedData/ModuleCache.noindex/Session.modulevalidation
 
-fmodules-validate-once-per-build-session
 
-Wnon-modular-include-in-framework-module
 
-Werror=non-modular-include-in-framework-module
 
-Wno-trigraphs
 
-fpascal-strings
 
-O0
 
-fno-common
 
-Wno-missing-field-initializers
 
-Wno-missing-prototypes
 
-Werror=return-type
 
-Wdocumentation
 
-Wunreachable-code
 
-Wquoted-include-in-framework-header
 
-Wno-implicit-atomic-properties
 
-Werror=deprecated-objc-isa-usage
 
-Wno-objc-interface-ivars
 
-Werror=objc-root-class
 
-Wno-arc-repeated-use-of-weak
 
-Wimplicit-retain-self
 
-Wduplicate-method-match
 
-Wno-missing-braces
 
-Wparentheses
 
-Wswitch
 
-Wunused-function
 
-Wno-unused-label
 
-Wno-unused-parameter
 
-Wunused-variable
 
-Wunused-value
 
-Wempty-body
 
-Wuninitialized
 
-Wconditional-uninitialized
 
-Wno-unknown-pragmas
 
-Wno-shadow
 
-Wno-four-char-constants
 
-Wno-conversion
 
-Wconstant-conversion
 
-Wint-conversion
 
-Wbool-conversion
 
-Wenum-conversion
 
-Wno-float-conversion
 
-Wnon-literal-null-conversion
 
-Wobjc-literal-conversion
 
-Wshorten-64-to-32
 
-Wpointer-sign
 
-Wno-newline-eof
 
-Wno-selector
 
-Wno-strict-selector-match
 
-Wundeclared-selector
 
-Wdeprecated-implementations
 
-Wno-implicit-fallthrough
 
-DDEBUG=1
 
-DOBJC_OLD_DISPATCH_PROTOTYPES=0
 
-isysroot
 
/Applications/Xcode_14.1.app/Contents/Developer/Platforms/iPhoneOS.platform/Developer/SDKs/iPhoneOS16.1.sdk
 
-fstrict-aliasing
 
-Wprotocol
 
-Wdeprecated-declarations
 
-g
 
-Wno-sign-conversion
 
-Winfinite-recursion
 
-Wcomma
 
-Wblock-capture-autoreleasing
 
-Wstrict-prototypes
 
-Wno-semicolon-before-method-body
 
-Wunguarded-availability
 
-iquote
 
/Users/kino/Library/Developer/Xcode/DerivedData/xxxxxxx-bdztphfbiaehwufyzyxwmcggkuxp/Build/Intermediates.noindex/xxxxxxx.build/Debug-iphoneos/xxxxxxx.build/xxxxxxx-generated-files.hmap
 
-I/Users/kino/Library/Developer/Xcode/DerivedData/xxxxxxx-bdztphfbiaehwufyzyxwmcggkuxp/Build/Intermediates.noindex/xxxxxxx.build/Debug-iphoneos/xxxxxxx.build/xxxxxxx-own-target-headers.hmap
 
-I/Users/kino/Library/Developer/Xcode/DerivedData/xxxxxxx-bdztphfbiaehwufyzyxwmcggkuxp/Build/Intermediates.noindex/xxxxxxx.build/Debug-iphoneos/xxxxxxx.build/xxxxxxx-all-target-headers.hmap
 
-iquote
 
/Users/kino/Library/Developer/Xcode/DerivedData/xxxxxxx-bdztphfbiaehwufyzyxwmcggkuxp/Build/Intermediates.noindex/xxxxxxx.build/Debug-iphoneos/xxxxxxx.build/xxxxxxx-project-headers.hmap
 
-I/Users/kino/Library/Developer/Xcode/DerivedData/xxxxxxx-bdztphfbiaehwufyzyxwmcggkuxp/Build/Products/Debug-iphoneos/include
 
-I/Users/kino/Library/Developer/Xcode/DerivedData/xxxxxxx-bdztphfbiaehwufyzyxwmcggkuxp/Build/Intermediates.noindex/xxxxxxx.build/Debug-iphoneos/xxxxxxx.build/DerivedSources-normal/arm64
 
-I/Users/kino/Library/Developer/Xcode/DerivedData/xxxxxxx-bdztphfbiaehwufyzyxwmcggkuxp/Build/Intermediates.noindex/xxxxxxx.build/Debug-iphoneos/xxxxxxx.build/DerivedSources/arm64
 
-I/Users/kino/Library/Developer/Xcode/DerivedData/xxxxxxx-bdztphfbiaehwufyzyxwmcggkuxp/Build/Intermediates.noindex/xxxxxxx.build/Debug-iphoneos/xxxxxxx.build/DerivedSources
 
-F/Users/kino/Library/Developer/Xcode/DerivedData/xxxxxxx-bdztphfbiaehwufyzyxwmcggkuxp/Build/Products/Debug-iphoneos
 
-MMD
 
-MT
 
dependencies
 
-MF
 
/Users/kino/Library/Developer/Xcode/DerivedData/xxxxxxx-bdztphfbiaehwufyzyxwmcggkuxp/Build/Intermediates.noindex/xxxxxxx.build/Debug-iphoneos/xxxxxxx.build/Objects-normal/arm64/AppDelegate.d
 
--serialize-diagnostics
 
/Users/kino/Library/Developer/Xcode/DerivedData/xxxxxxx-bdztphfbiaehwufyzyxwmcggkuxp/Build/Intermediates.noindex/xxxxxxx.build/Debug-iphoneos/xxxxxxx.build/Objects-normal/arm64/AppDelegate.dia
 
-c
 
/Users/kino/Desktop/OCLintTestProj/xxxxxxx/xxxxxxx/AppDelegate.m
 
-o
 
/Users/kino/Library/Developer/Xcode/DerivedData/xxxxxxx-bdztphfbiaehwufyzyxwmcggkuxp/Build/Intermediates.noindex/xxxxxxx.build/Debug-iphoneos/xxxxxxx.build/Objects-normal/arm64/AppDelegate.o
 
-Wno-everything
 

Adjusted Command: 
/Applications/Xcode_14.1.app/Contents/Developer/Toolchains/XcodeDefault.xctoolchain/usr/bin/clang
 
-x
 
objective-c
 
-target
 
arm64-apple-ios15.2
 
-fmessage-length=0
 
-fdiagnostics-show-note-include-stack
 
-fmacro-backtrace-limit=0
 
-std=gnu11
 
-fobjc-arc
 
-fobjc-weak
 
-fmodules
 
-gmodules
 
-fmodules-cache-path=/Users/kino/Library/Developer/Xcode/DerivedData/ModuleCache.noindex
 
-fmodules-prune-interval=86400
 
-fmodules-prune-after=345600
 
-fbuild-session-file=/Users/kino/Library/Developer/Xcode/DerivedData/ModuleCache.noindex/Session.modulevalidation
 
-fmodules-validate-once-per-build-session
 
-Wnon-modular-include-in-framework-module
 
-Werror=non-modular-include-in-framework-module
 
-Wno-trigraphs
 
-fpascal-strings
 
-O0
 
-fno-common
 
-Wno-missing-field-initializers
 
-Wno-missing-prototypes
 
-Werror=return-type
 
-Wdocumentation
 
-Wunreachable-code
 
-Wquoted-include-in-framework-header
 
-Wno-implicit-atomic-properties
 
-Werror=deprecated-objc-isa-usage
 
-Wno-objc-interface-ivars
 
-Werror=objc-root-class
 
-Wno-arc-repeated-use-of-weak
 
-Wimplicit-retain-self
 
-Wduplicate-method-match
 
-Wno-missing-braces
 
-Wparentheses
 
-Wswitch
 
-Wunused-function
 
-Wno-unused-label
 
-Wno-unused-parameter
 
-Wunused-variable
 
-Wunused-value
 
-Wempty-body
 
-Wuninitialized
 
-Wconditional-uninitialized
 
-Wno-unknown-pragmas
 
-Wno-shadow
 
-Wno-four-char-constants
 
-Wno-conversion
 
-Wconstant-conversion
 
-Wint-conversion
 
-Wbool-conversion
 
-Wenum-conversion
 
-Wno-float-conversion
 
-Wnon-literal-null-conversion
 
-Wobjc-literal-conversion
 
-Wshorten-64-to-32
 
-Wpointer-sign
 
-Wno-newline-eof
 
-Wno-selector
 
-Wno-strict-selector-match
 
-Wundeclared-selector
 
-Wdeprecated-implementations
 
-Wno-implicit-fallthrough
 
-DDEBUG=1
 
-DOBJC_OLD_DISPATCH_PROTOTYPES=0
 
-isysroot
 
/Applications/Xcode_14.1.app/Contents/Developer/Platforms/iPhoneOS.platform/Developer/SDKs/iPhoneOS16.1.sdk
 
-fstrict-aliasing
 
-Wprotocol
 
-Wdeprecated-declarations
 
-g
 
-Wno-sign-conversion
 
-Winfinite-recursion
 
-Wcomma
 
-Wblock-capture-autoreleasing
 
-Wstrict-prototypes
 
-Wno-semicolon-before-method-body
 
-Wunguarded-availability
 
-iquote
 
/Users/kino/Library/Developer/Xcode/DerivedData/xxxxxxx-bdztphfbiaehwufyzyxwmcggkuxp/Build/Intermediates.noindex/xxxxxxx.build/Debug-iphoneos/xxxxxxx.build/xxxxxxx-generated-files.hmap
 
-I/Users/kino/Library/Developer/Xcode/DerivedData/xxxxxxx-bdztphfbiaehwufyzyxwmcggkuxp/Build/Intermediates.noindex/xxxxxxx.build/Debug-iphoneos/xxxxxxx.build/xxxxxxx-own-target-headers.hmap
 
-I/Users/kino/Library/Developer/Xcode/DerivedData/xxxxxxx-bdztphfbiaehwufyzyxwmcggkuxp/Build/Intermediates.noindex/xxxxxxx.build/Debug-iphoneos/xxxxxxx.build/xxxxxxx-all-target-headers.hmap
 
-iquote
 
/Users/kino/Library/Developer/Xcode/DerivedData/xxxxxxx-bdztphfbiaehwufyzyxwmcggkuxp/Build/Intermediates.noindex/xxxxxxx.build/Debug-iphoneos/xxxxxxx.build/xxxxxxx-project-headers.hmap
 
-I/Users/kino/Library/Developer/Xcode/DerivedData/xxxxxxx-bdztphfbiaehwufyzyxwmcggkuxp/Build/Products/Debug-iphoneos/include
 
-I/Users/kino/Library/Developer/Xcode/DerivedData/xxxxxxx-bdztphfbiaehwufyzyxwmcggkuxp/Build/Intermediates.noindex/xxxxxxx.build/Debug-iphoneos/xxxxxxx.build/DerivedSources-normal/arm64
 
-I/Users/kino/Library/Developer/Xcode/DerivedData/xxxxxxx-bdztphfbiaehwufyzyxwmcggkuxp/Build/Intermediates.noindex/xxxxxxx.build/Debug-iphoneos/xxxxxxx.build/DerivedSources/arm64
 
-I/Users/kino/Library/Developer/Xcode/DerivedData/xxxxxxx-bdztphfbiaehwufyzyxwmcggkuxp/Build/Intermediates.noindex/xxxxxxx.build/Debug-iphoneos/xxxxxxx.build/DerivedSources
 
-F/Users/kino/Library/Developer/Xcode/DerivedData/xxxxxxx-bdztphfbiaehwufyzyxwmcggkuxp/Build/Products/Debug-iphoneos
 
-MMD
 
-MT
 
dependencies
 
-MF
 
/Users/kino/Library/Developer/Xcode/DerivedData/xxxxxxx-bdztphfbiaehwufyzyxwmcggkuxp/Build/Intermediates.noindex/xxxxxxx.build/Debug-iphoneos/xxxxxxx.build/Objects-normal/arm64/AppDelegate.d
 
--serialize-diagnostics
 
/Users/kino/Library/Developer/Xcode/DerivedData/xxxxxxx-bdztphfbiaehwufyzyxwmcggkuxp/Build/Intermediates.noindex/xxxxxxx.build/Debug-iphoneos/xxxxxxx.build/Objects-normal/arm64/AppDelegate.dia
 
-c
 
/Users/kino/Desktop/OCLintTestProj/xxxxxxx/xxxxxxx/AppDelegate.m
 
-Wno-everything
 
-fsyntax-only
 

has ast context
 - Success
====输出结果====
